DEBUG - 2026-02-13 04:09:03 --> Session: Class initialized using 'CodeIgniter\Session\Handlers\FileHandler' driver.
DEBUG - 2026-02-13 04:09:05 --> Session: Class initialized using 'CodeIgniter\Session\Handlers\FileHandler' driver.
DEBUG - 2026-02-13 04:09:07 --> Session: Class initialized using 'CodeIgniter\Session\Handlers\FileHandler' driver.
WARNING - 2026-02-13 04:09:13 --> [DEPRECATED] Creation of dynamic property App\Controllers\Users\UsersInfo::$db is deprecated in APPPATH\Controllers\Users\UsersInfo.php on line 12.
 1 SYSTEMPATH\CodeIgniter.php(921): App\Controllers\Users\UsersInfo->__construct()
 2 SYSTEMPATH\CodeIgniter.php(488): CodeIgniter\CodeIgniter->createController()
 3 SYSTEMPATH\CodeIgniter.php(340): CodeIgniter\CodeIgniter->handleRequest(null, Object(Config\Cache), false)
 4 SYSTEMPATH\Boot.php(417): CodeIgniter\CodeIgniter->run()
 5 SYSTEMPATH\Boot.php(68): CodeIgniter\Boot::runCodeIgniter(Object(CodeIgniter\CodeIgniter))
 6 FCPATH\index.php(59): CodeIgniter\Boot::bootWeb(Object(Config\Paths))
 7 SYSTEMPATH\rewrite.php(44): require_once('C:\\TBS Food\\data penjualan\\PROJECT\\ci-food-store\\public\\index.php')
DEBUG - 2026-02-13 04:09:13 --> Session: Class initialized using 'CodeIgniter\Session\Handlers\FileHandler' driver.
ERROR - 2026-02-13 04:09:13 --> Unknown column 'user_id' in 'where clause'
in SYSTEMPATH\Database\MySQLi\Connection.php on line 300.
 1 SYSTEMPATH\Database\MySQLi\Connection.php(300): mysqli->query('SELECT *
FROM `users`
WHERE `user_id` = 1', 0)
 2 SYSTEMPATH\Database\BaseConnection.php(769): CodeIgniter\Database\MySQLi\Connection->execute('SELECT *
FROM `users`
WHERE `user_id` = 1')
 3 SYSTEMPATH\Database\BaseConnection.php(686): CodeIgniter\Database\BaseConnection->simpleQuery('SELECT *
FROM `users`
WHERE `user_id` = 1')
 4 SYSTEMPATH\Database\BaseBuilder.php(1649): CodeIgniter\Database\BaseConnection->query('SELECT *
FROM `users`
WHERE `user_id` = :user_id:', [...], false)
 5 APPPATH\Controllers\Users\UsersInfo.php(28): CodeIgniter\Database\BaseBuilder->get()
 6 SYSTEMPATH\CodeIgniter.php(951): App\Controllers\Users\UsersInfo->UpdateUserData()
 7 SYSTEMPATH\CodeIgniter.php(497): CodeIgniter\CodeIgniter->runController(Object(App\Controllers\Users\UsersInfo))
 8 SYSTEMPATH\CodeIgniter.php(340): CodeIgniter\CodeIgniter->handleRequest(null, Object(Config\Cache), false)
 9 SYSTEMPATH\Boot.php(417): CodeIgniter\CodeIgniter->run()
10 SYSTEMPATH\Boot.php(68): CodeIgniter\Boot::runCodeIgniter(Object(CodeIgniter\CodeIgniter))
11 FCPATH\index.php(59): CodeIgniter\Boot::bootWeb(Object(Config\Paths))
12 SYSTEMPATH\rewrite.php(44): require_once('C:\\TBS Food\\data penjualan\\PROJECT\\ci-food-store\\public\\index.php')
CRITICAL - 2026-02-13 04:09:13 --> CodeIgniter\Database\Exceptions\DatabaseException: Unknown column 'user_id' in 'where clause'
[Method: GET, Route: users/user-data]
in SYSTEMPATH\Database\BaseConnection.php on line 724.
 1 SYSTEMPATH\Database\BaseBuilder.php(1649): CodeIgniter\Database\BaseConnection->query('SELECT *
FROM `users`
WHERE `user_id` = :user_id:', [...], false)
 2 APPPATH\Controllers\Users\UsersInfo.php(28): CodeIgniter\Database\BaseBuilder->get()
 3 SYSTEMPATH\CodeIgniter.php(951): App\Controllers\Users\UsersInfo->UpdateUserData()
 4 SYSTEMPATH\CodeIgniter.php(497): CodeIgniter\CodeIgniter->runController(Object(App\Controllers\Users\UsersInfo))
 5 SYSTEMPATH\CodeIgniter.php(340): CodeIgniter\CodeIgniter->handleRequest(null, Object(Config\Cache), false)
 6 SYSTEMPATH\Boot.php(417): CodeIgniter\CodeIgniter->run()
 7 SYSTEMPATH\Boot.php(68): CodeIgniter\Boot::runCodeIgniter(Object(CodeIgniter\CodeIgniter))
 8 FCPATH\index.php(59): CodeIgniter\Boot::bootWeb(Object(Config\Paths))
 9 SYSTEMPATH\rewrite.php(44): require_once('C:\\TBS Food\\data penjualan\\PROJECT\\ci-food-store\\public\\index.php')
CRITICAL - 2026-02-13 04:09:13 --> [Caused by] CodeIgniter\Database\Exceptions\DatabaseException: Unknown column 'user_id' in 'where clause'
in SYSTEMPATH\Database\MySQLi\Connection.php on line 310.
 1 SYSTEMPATH\Database\BaseConnection.php(769): CodeIgniter\Database\MySQLi\Connection->execute('SELECT *
FROM `users`
WHERE `user_id` = 1')
 2 SYSTEMPATH\Database\BaseConnection.php(686): CodeIgniter\Database\BaseConnection->simpleQuery('SELECT *
FROM `users`
WHERE `user_id` = 1')
 3 SYSTEMPATH\Database\BaseBuilder.php(1649): CodeIgniter\Database\BaseConnection->query('SELECT *
FROM `users`
WHERE `user_id` = :user_id:', [...], false)
 4 APPPATH\Controllers\Users\UsersInfo.php(28): CodeIgniter\Database\BaseBuilder->get()
 5 SYSTEMPATH\CodeIgniter.php(951): App\Controllers\Users\UsersInfo->UpdateUserData()
 6 SYSTEMPATH\CodeIgniter.php(497): CodeIgniter\CodeIgniter->runController(Object(App\Controllers\Users\UsersInfo))
 7 SYSTEMPATH\CodeIgniter.php(340): CodeIgniter\CodeIgniter->handleRequest(null, Object(Config\Cache), false)
 8 SYSTEMPATH\Boot.php(417): CodeIgniter\CodeIgniter->run()
 9 SYSTEMPATH\Boot.php(68): CodeIgniter\Boot::runCodeIgniter(Object(CodeIgniter\CodeIgniter))
10 FCPATH\index.php(59): CodeIgniter\Boot::bootWeb(Object(Config\Paths))
11 SYSTEMPATH\rewrite.php(44): require_once('C:\\TBS Food\\data penjualan\\PROJECT\\ci-food-store\\public\\index.php')
CRITICAL - 2026-02-13 04:09:13 --> [Caused by] mysqli_sql_exception: Unknown column 'user_id' in 'where clause'
in SYSTEMPATH\Database\MySQLi\Connection.php on line 300.
 1 SYSTEMPATH\Database\MySQLi\Connection.php(300): mysqli->query('SELECT *
FROM `users`
WHERE `user_id` = 1', 0)
 2 SYSTEMPATH\Database\BaseConnection.php(769): CodeIgniter\Database\MySQLi\Connection->execute('SELECT *
FROM `users`
WHERE `user_id` = 1')
 3 SYSTEMPATH\Database\BaseConnection.php(686): CodeIgniter\Database\BaseConnection->simpleQuery('SELECT *
FROM `users`
WHERE `user_id` = 1')
 4 SYSTEMPATH\Database\BaseBuilder.php(1649): CodeIgniter\Database\BaseConnection->query('SELECT *
FROM `users`
WHERE `user_id` = :user_id:', [...], false)
 5 APPPATH\Controllers\Users\UsersInfo.php(28): CodeIgniter\Database\BaseBuilder->get()
 6 SYSTEMPATH\CodeIgniter.php(951): App\Controllers\Users\UsersInfo->UpdateUserData()
 7 SYSTEMPATH\CodeIgniter.php(497): CodeIgniter\CodeIgniter->runController(Object(App\Controllers\Users\UsersInfo))
 8 SYSTEMPATH\CodeIgniter.php(340): CodeIgniter\CodeIgniter->handleRequest(null, Object(Config\Cache), false)
 9 SYSTEMPATH\Boot.php(417): CodeIgniter\CodeIgniter->run()
10 SYSTEMPATH\Boot.php(68): CodeIgniter\Boot::runCodeIgniter(Object(CodeIgniter\CodeIgniter))
11 FCPATH\index.php(59): CodeIgniter\Boot::bootWeb(Object(Config\Paths))
12 SYSTEMPATH\rewrite.php(44): require_once('C:\\TBS Food\\data penjualan\\PROJECT\\ci-food-store\\public\\index.php')
WARNING - 2026-02-13 04:09:31 --> [DEPRECATED] Creation of dynamic property App\Controllers\Users\UsersInfo::$db is deprecated in APPPATH\Controllers\Users\UsersInfo.php on line 12.
 1 SYSTEMPATH\CodeIgniter.php(921): App\Controllers\Users\UsersInfo->__construct()
 2 SYSTEMPATH\CodeIgniter.php(488): CodeIgniter\CodeIgniter->createController()
 3 SYSTEMPATH\CodeIgniter.php(340): CodeIgniter\CodeIgniter->handleRequest(null, Object(Config\Cache), false)
 4 SYSTEMPATH\Boot.php(417): CodeIgniter\CodeIgniter->run()
 5 SYSTEMPATH\Boot.php(68): CodeIgniter\Boot::runCodeIgniter(Object(CodeIgniter\CodeIgniter))
 6 FCPATH\index.php(59): CodeIgniter\Boot::bootWeb(Object(Config\Paths))
 7 SYSTEMPATH\rewrite.php(44): require_once('C:\\TBS Food\\data penjualan\\PROJECT\\ci-food-store\\public\\index.php')
DEBUG - 2026-02-13 04:09:31 --> Session: Class initialized using 'CodeIgniter\Session\Handlers\FileHandler' driver.
WARNING - 2026-02-13 04:10:08 --> [DEPRECATED] Creation of dynamic property App\Controllers\Users\UsersInfo::$db is deprecated in APPPATH\Controllers\Users\UsersInfo.php on line 12.
 1 SYSTEMPATH\CodeIgniter.php(921): App\Controllers\Users\UsersInfo->__construct()
 2 SYSTEMPATH\CodeIgniter.php(488): CodeIgniter\CodeIgniter->createController()
 3 SYSTEMPATH\CodeIgniter.php(340): CodeIgniter\CodeIgniter->handleRequest(null, Object(Config\Cache), false)
 4 SYSTEMPATH\Boot.php(417): CodeIgniter\CodeIgniter->run()
 5 SYSTEMPATH\Boot.php(68): CodeIgniter\Boot::runCodeIgniter(Object(CodeIgniter\CodeIgniter))
 6 FCPATH\index.php(59): CodeIgniter\Boot::bootWeb(Object(Config\Paths))
 7 SYSTEMPATH\rewrite.php(44): require_once('C:\\TBS Food\\data penjualan\\PROJECT\\ci-food-store\\public\\index.php')
DEBUG - 2026-02-13 04:10:09 --> Session: Class initialized using 'CodeIgniter\Session\Handlers\FileHandler' driver.
WARNING - 2026-02-13 04:31:19 --> [DEPRECATED] Creation of dynamic property App\Controllers\Users\UsersInfo::$db is deprecated in APPPATH\Controllers\Users\UsersInfo.php on line 12.
 1 SYSTEMPATH\CodeIgniter.php(921): App\Controllers\Users\UsersInfo->__construct()
 2 SYSTEMPATH\CodeIgniter.php(488): CodeIgniter\CodeIgniter->createController()
 3 SYSTEMPATH\CodeIgniter.php(340): CodeIgniter\CodeIgniter->handleRequest(null, Object(Config\Cache), false)
 4 SYSTEMPATH\Boot.php(417): CodeIgniter\CodeIgniter->run()
 5 SYSTEMPATH\Boot.php(68): CodeIgniter\Boot::runCodeIgniter(Object(CodeIgniter\CodeIgniter))
 6 FCPATH\index.php(59): CodeIgniter\Boot::bootWeb(Object(Config\Paths))
 7 SYSTEMPATH\rewrite.php(44): require_once('C:\\TBS Food\\data penjualan\\PROJECT\\ci-food-store\\public\\index.php')
DEBUG - 2026-02-13 04:31:19 --> Session: Class initialized using 'CodeIgniter\Session\Handlers\FileHandler' driver.
CRITICAL - 2026-02-13 04:31:19 --> Error: Class "App\Controllers\Users\UserModel" not found
[Method: GET, Route: users/user-data]
in APPPATH\Controllers\Users\UsersInfo.php on line 28.
 1 SYSTEMPATH\CodeIgniter.php(951): App\Controllers\Users\UsersInfo->UpdateUserData()
 2 SYSTEMPATH\CodeIgniter.php(497): CodeIgniter\CodeIgniter->runController(Object(App\Controllers\Users\UsersInfo))
 3 SYSTEMPATH\CodeIgniter.php(340): CodeIgniter\CodeIgniter->handleRequest(null, Object(Config\Cache), false)
 4 SYSTEMPATH\Boot.php(417): CodeIgniter\CodeIgniter->run()
 5 SYSTEMPATH\Boot.php(68): CodeIgniter\Boot::runCodeIgniter(Object(CodeIgniter\CodeIgniter))
 6 FCPATH\index.php(59): CodeIgniter\Boot::bootWeb(Object(Config\Paths))
 7 SYSTEMPATH\rewrite.php(44): require_once('C:\\TBS Food\\data penjualan\\PROJECT\\ci-food-store\\public\\index.php')
WARNING - 2026-02-13 04:31:36 --> [DEPRECATED] Creation of dynamic property App\Controllers\Users\UsersInfo::$db is deprecated in APPPATH\Controllers\Users\UsersInfo.php on line 12.
 1 SYSTEMPATH\CodeIgniter.php(921): App\Controllers\Users\UsersInfo->__construct()
 2 SYSTEMPATH\CodeIgniter.php(488): CodeIgniter\CodeIgniter->createController()
 3 SYSTEMPATH\CodeIgniter.php(340): CodeIgniter\CodeIgniter->handleRequest(null, Object(Config\Cache), false)
 4 SYSTEMPATH\Boot.php(417): CodeIgniter\CodeIgniter->run()
 5 SYSTEMPATH\Boot.php(68): CodeIgniter\Boot::runCodeIgniter(Object(CodeIgniter\CodeIgniter))
 6 FCPATH\index.php(59): CodeIgniter\Boot::bootWeb(Object(Config\Paths))
 7 SYSTEMPATH\rewrite.php(44): require_once('C:\\TBS Food\\data penjualan\\PROJECT\\ci-food-store\\public\\index.php')
DEBUG - 2026-02-13 04:31:36 --> Session: Class initialized using 'CodeIgniter\Session\Handlers\FileHandler' driver.
CRITICAL - 2026-02-13 04:31:36 --> Error: Class "App\Controllers\Users\UserModel" not found
[Method: GET, Route: users/user-data]
in APPPATH\Controllers\Users\UsersInfo.php on line 28.
 1 SYSTEMPATH\CodeIgniter.php(951): App\Controllers\Users\UsersInfo->UpdateUserData()
 2 SYSTEMPATH\CodeIgniter.php(497): CodeIgniter\CodeIgniter->runController(Object(App\Controllers\Users\UsersInfo))
 3 SYSTEMPATH\CodeIgniter.php(340): CodeIgniter\CodeIgniter->handleRequest(null, Object(Config\Cache), false)
 4 SYSTEMPATH\Boot.php(417): CodeIgniter\CodeIgniter->run()
 5 SYSTEMPATH\Boot.php(68): CodeIgniter\Boot::runCodeIgniter(Object(CodeIgniter\CodeIgniter))
 6 FCPATH\index.php(59): CodeIgniter\Boot::bootWeb(Object(Config\Paths))
 7 SYSTEMPATH\rewrite.php(44): require_once('C:\\TBS Food\\data penjualan\\PROJECT\\ci-food-store\\public\\index.php')
WARNING - 2026-02-13 04:31:38 --> [DEPRECATED] Creation of dynamic property App\Controllers\Users\UsersInfo::$db is deprecated in APPPATH\Controllers\Users\UsersInfo.php on line 12.
 1 SYSTEMPATH\CodeIgniter.php(921): App\Controllers\Users\UsersInfo->__construct()
 2 SYSTEMPATH\CodeIgniter.php(488): CodeIgniter\CodeIgniter->createController()
 3 SYSTEMPATH\CodeIgniter.php(340): CodeIgniter\CodeIgniter->handleRequest(null, Object(Config\Cache), false)
 4 SYSTEMPATH\Boot.php(417): CodeIgniter\CodeIgniter->run()
 5 SYSTEMPATH\Boot.php(68): CodeIgniter\Boot::runCodeIgniter(Object(CodeIgniter\CodeIgniter))
 6 FCPATH\index.php(59): CodeIgniter\Boot::bootWeb(Object(Config\Paths))
 7 SYSTEMPATH\rewrite.php(44): require_once('C:\\TBS Food\\data penjualan\\PROJECT\\ci-food-store\\public\\index.php')
DEBUG - 2026-02-13 04:31:38 --> Session: Class initialized using 'CodeIgniter\Session\Handlers\FileHandler' driver.
CRITICAL - 2026-02-13 04:31:38 --> Error: Class "App\Controllers\Users\UserModel" not found
[Method: GET, Route: users/user-data]
in APPPATH\Controllers\Users\UsersInfo.php on line 28.
 1 SYSTEMPATH\CodeIgniter.php(951): App\Controllers\Users\UsersInfo->UpdateUserData()
 2 SYSTEMPATH\CodeIgniter.php(497): CodeIgniter\CodeIgniter->runController(Object(App\Controllers\Users\UsersInfo))
 3 SYSTEMPATH\CodeIgniter.php(340): CodeIgniter\CodeIgniter->handleRequest(null, Object(Config\Cache), false)
 4 SYSTEMPATH\Boot.php(417): CodeIgniter\CodeIgniter->run()
 5 SYSTEMPATH\Boot.php(68): CodeIgniter\Boot::runCodeIgniter(Object(CodeIgniter\CodeIgniter))
 6 FCPATH\index.php(59): CodeIgniter\Boot::bootWeb(Object(Config\Paths))
 7 SYSTEMPATH\rewrite.php(44): require_once('C:\\TBS Food\\data penjualan\\PROJECT\\ci-food-store\\public\\index.php')
WARNING - 2026-02-13 04:33:17 --> [DEPRECATED] Creation of dynamic property App\Controllers\Users\UsersInfo::$db is deprecated in APPPATH\Controllers\Users\UsersInfo.php on line 12.
 1 SYSTEMPATH\CodeIgniter.php(921): App\Controllers\Users\UsersInfo->__construct()
 2 SYSTEMPATH\CodeIgniter.php(488): CodeIgniter\CodeIgniter->createController()
 3 SYSTEMPATH\CodeIgniter.php(340): CodeIgniter\CodeIgniter->handleRequest(null, Object(Config\Cache), false)
 4 SYSTEMPATH\Boot.php(417): CodeIgniter\CodeIgniter->run()
 5 SYSTEMPATH\Boot.php(68): CodeIgniter\Boot::runCodeIgniter(Object(CodeIgniter\CodeIgniter))
 6 FCPATH\index.php(59): CodeIgniter\Boot::bootWeb(Object(Config\Paths))
 7 SYSTEMPATH\rewrite.php(44): require_once('C:\\TBS Food\\data penjualan\\PROJECT\\ci-food-store\\public\\index.php')
DEBUG - 2026-02-13 04:33:17 --> Session: Class initialized using 'CodeIgniter\Session\Handlers\FileHandler' driver.
WARNING - 2026-02-13 04:37:00 --> [DEPRECATED] Creation of dynamic property App\Controllers\Users\UsersInfo::$db is deprecated in APPPATH\Controllers\Users\UsersInfo.php on line 12.
 1 SYSTEMPATH\CodeIgniter.php(921): App\Controllers\Users\UsersInfo->__construct()
 2 SYSTEMPATH\CodeIgniter.php(488): CodeIgniter\CodeIgniter->createController()
 3 SYSTEMPATH\CodeIgniter.php(340): CodeIgniter\CodeIgniter->handleRequest(null, Object(Config\Cache), false)
 4 SYSTEMPATH\Boot.php(417): CodeIgniter\CodeIgniter->run()
 5 SYSTEMPATH\Boot.php(68): CodeIgniter\Boot::runCodeIgniter(Object(CodeIgniter\CodeIgniter))
 6 FCPATH\index.php(59): CodeIgniter\Boot::bootWeb(Object(Config\Paths))
 7 SYSTEMPATH\rewrite.php(44): require_once('C:\\TBS Food\\data penjualan\\PROJECT\\ci-food-store\\public\\index.php')
DEBUG - 2026-02-13 04:37:00 --> Session: Class initialized using 'CodeIgniter\Session\Handlers\FileHandler' driver.
WARNING - 2026-02-13 04:39:21 --> [DEPRECATED] Creation of dynamic property App\Controllers\Users\UsersInfo::$db is deprecated in APPPATH\Controllers\Users\UsersInfo.php on line 12.
 1 SYSTEMPATH\CodeIgniter.php(921): App\Controllers\Users\UsersInfo->__construct()
 2 SYSTEMPATH\CodeIgniter.php(488): CodeIgniter\CodeIgniter->createController()
 3 SYSTEMPATH\CodeIgniter.php(340): CodeIgniter\CodeIgniter->handleRequest(null, Object(Config\Cache), false)
 4 SYSTEMPATH\Boot.php(417): CodeIgniter\CodeIgniter->run()
 5 SYSTEMPATH\Boot.php(68): CodeIgniter\Boot::runCodeIgniter(Object(CodeIgniter\CodeIgniter))
 6 FCPATH\index.php(59): CodeIgniter\Boot::bootWeb(Object(Config\Paths))
 7 SYSTEMPATH\rewrite.php(44): require_once('C:\\TBS Food\\data penjualan\\PROJECT\\ci-food-store\\public\\index.php')
DEBUG - 2026-02-13 04:39:21 --> Session: Class initialized using 'CodeIgniter\Session\Handlers\FileHandler' driver.
WARNING - 2026-02-13 04:39:56 --> [DEPRECATED] Creation of dynamic property App\Controllers\Users\UsersInfo::$db is deprecated in APPPATH\Controllers\Users\UsersInfo.php on line 12.
 1 SYSTEMPATH\CodeIgniter.php(921): App\Controllers\Users\UsersInfo->__construct()
 2 SYSTEMPATH\CodeIgniter.php(488): CodeIgniter\CodeIgniter->createController()
 3 SYSTEMPATH\CodeIgniter.php(340): CodeIgniter\CodeIgniter->handleRequest(null, Object(Config\Cache), false)
 4 SYSTEMPATH\Boot.php(417): CodeIgniter\CodeIgniter->run()
 5 SYSTEMPATH\Boot.php(68): CodeIgniter\Boot::runCodeIgniter(Object(CodeIgniter\CodeIgniter))
 6 FCPATH\index.php(59): CodeIgniter\Boot::bootWeb(Object(Config\Paths))
 7 SYSTEMPATH\rewrite.php(44): require_once('C:\\TBS Food\\data penjualan\\PROJECT\\ci-food-store\\public\\index.php')
DEBUG - 2026-02-13 04:39:56 --> Session: Class initialized using 'CodeIgniter\Session\Handlers\FileHandler' driver.
WARNING - 2026-02-13 07:38:11 --> [DEPRECATED] Creation of dynamic property App\Controllers\Users\UsersInfo::$db is deprecated in APPPATH\Controllers\Users\UsersInfo.php on line 12.
 1 SYSTEMPATH\CodeIgniter.php(921): App\Controllers\Users\UsersInfo->__construct()
 2 SYSTEMPATH\CodeIgniter.php(488): CodeIgniter\CodeIgniter->createController()
 3 SYSTEMPATH\CodeIgniter.php(340): CodeIgniter\CodeIgniter->handleRequest(null, Object(Config\Cache), false)
 4 SYSTEMPATH\Boot.php(417): CodeIgniter\CodeIgniter->run()
 5 SYSTEMPATH\Boot.php(68): CodeIgniter\Boot::runCodeIgniter(Object(CodeIgniter\CodeIgniter))
 6 FCPATH\index.php(59): CodeIgniter\Boot::bootWeb(Object(Config\Paths))
 7 SYSTEMPATH\rewrite.php(44): require_once('C:\\TBS Food\\data penjualan\\PROJECT\\ci-food-store\\public\\index.php')
DEBUG - 2026-02-13 07:38:13 --> Session: Class initialized using 'CodeIgniter\Session\Handlers\FileHandler' driver.
CRITICAL - 2026-02-13 07:38:13 --> CodeIgniter\Router\Exceptions\RouterException: The route for "update.user.data" cannot be found.
[Method: GET, Route: users/user-data]
in SYSTEMPATH\Helpers\url_helper.php on line 513.
 1 SYSTEMPATH\Helpers\url_helper.php(513): CodeIgniter\Router\Exceptions\RouterException::forInvalidRoute('update.user.data')
 2 APPPATH\Views\users\update-user.php(24): url_to('update.user.data')
 3 SYSTEMPATH\View\View.php(238): include('C:\\TBS Food\\data penjualan\\PROJECT\\ci-food-store\\app\\Views\\users\\update-user.php')
 4 SYSTEMPATH\View\View.php(241): CodeIgniter\View\View->CodeIgniter\View\{closure}()
 5 SYSTEMPATH\Common.php(1250): CodeIgniter\View\View->render('users/update-user', [], true)
 6 APPPATH\Controllers\Users\UsersInfo.php(30): view('users/update-user', [...])
 7 SYSTEMPATH\CodeIgniter.php(951): App\Controllers\Users\UsersInfo->EditUserData()
 8 SYSTEMPATH\CodeIgniter.php(497): CodeIgniter\CodeIgniter->runController(Object(App\Controllers\Users\UsersInfo))
 9 SYSTEMPATH\CodeIgniter.php(340): CodeIgniter\CodeIgniter->handleRequest(null, Object(Config\Cache), false)
10 SYSTEMPATH\Boot.php(417): CodeIgniter\CodeIgniter->run()
11 SYSTEMPATH\Boot.php(68): CodeIgniter\Boot::runCodeIgniter(Object(CodeIgniter\CodeIgniter))
12 FCPATH\index.php(59): CodeIgniter\Boot::bootWeb(Object(Config\Paths))
13 SYSTEMPATH\rewrite.php(44): require_once('C:\\TBS Food\\data penjualan\\PROJECT\\ci-food-store\\public\\index.php')
WARNING - 2026-02-13 07:54:35 --> [DEPRECATED] Creation of dynamic property App\Controllers\Users\UsersInfo::$db is deprecated in APPPATH\Controllers\Users\UsersInfo.php on line 12.
 1 SYSTEMPATH\CodeIgniter.php(921): App\Controllers\Users\UsersInfo->__construct()
 2 SYSTEMPATH\CodeIgniter.php(488): CodeIgniter\CodeIgniter->createController()
 3 SYSTEMPATH\CodeIgniter.php(340): CodeIgniter\CodeIgniter->handleRequest(null, Object(Config\Cache), false)
 4 SYSTEMPATH\Boot.php(417): CodeIgniter\CodeIgniter->run()
 5 SYSTEMPATH\Boot.php(68): CodeIgniter\Boot::runCodeIgniter(Object(CodeIgniter\CodeIgniter))
 6 FCPATH\index.php(59): CodeIgniter\Boot::bootWeb(Object(Config\Paths))
 7 SYSTEMPATH\rewrite.php(44): require_once('C:\\TBS Food\\data penjualan\\PROJECT\\ci-food-store\\public\\index.php')
DEBUG - 2026-02-13 07:54:35 --> Session: Class initialized using 'CodeIgniter\Session\Handlers\FileHandler' driver.
WARNING - 2026-02-13 08:09:34 --> [DEPRECATED] Creation of dynamic property App\Controllers\Users\UsersInfo::$db is deprecated in APPPATH\Controllers\Users\UsersInfo.php on line 12.
 1 SYSTEMPATH\CodeIgniter.php(921): App\Controllers\Users\UsersInfo->__construct()
 2 SYSTEMPATH\CodeIgniter.php(488): CodeIgniter\CodeIgniter->createController()
 3 SYSTEMPATH\CodeIgniter.php(340): CodeIgniter\CodeIgniter->handleRequest(null, Object(Config\Cache), false)
 4 SYSTEMPATH\Boot.php(417): CodeIgniter\CodeIgniter->run()
 5 SYSTEMPATH\Boot.php(68): CodeIgniter\Boot::runCodeIgniter(Object(CodeIgniter\CodeIgniter))
 6 FCPATH\index.php(59): CodeIgniter\Boot::bootWeb(Object(Config\Paths))
 7 SYSTEMPATH\rewrite.php(44): require_once('C:\\TBS Food\\data penjualan\\PROJECT\\ci-food-store\\public\\index.php')
DEBUG - 2026-02-13 08:09:34 --> Session: Class initialized using 'CodeIgniter\Session\Handlers\FileHandler' driver.
WARNING - 2026-02-13 08:12:54 --> [DEPRECATED] Creation of dynamic property App\Controllers\Users\UsersInfo::$db is deprecated in APPPATH\Controllers\Users\UsersInfo.php on line 12.
 1 SYSTEMPATH\CodeIgniter.php(921): App\Controllers\Users\UsersInfo->__construct()
 2 SYSTEMPATH\CodeIgniter.php(488): CodeIgniter\CodeIgniter->createController()
 3 SYSTEMPATH\CodeIgniter.php(340): CodeIgniter\CodeIgniter->handleRequest(null, Object(Config\Cache), false)
 4 SYSTEMPATH\Boot.php(417): CodeIgniter\CodeIgniter->run()
 5 SYSTEMPATH\Boot.php(68): CodeIgniter\Boot::runCodeIgniter(Object(CodeIgniter\CodeIgniter))
 6 FCPATH\index.php(59): CodeIgniter\Boot::bootWeb(Object(Config\Paths))
 7 SYSTEMPATH\rewrite.php(44): require_once('C:\\TBS Food\\data penjualan\\PROJECT\\ci-food-store\\public\\index.php')
DEBUG - 2026-02-13 08:12:54 --> Session: Class initialized using 'CodeIgniter\Session\Handlers\FileHandler' driver.
WARNING - 2026-02-13 08:12:58 --> [DEPRECATED] Creation of dynamic property App\Controllers\Users\UsersInfo::$db is deprecated in APPPATH\Controllers\Users\UsersInfo.php on line 12.
 1 SYSTEMPATH\CodeIgniter.php(921): App\Controllers\Users\UsersInfo->__construct()
 2 SYSTEMPATH\CodeIgniter.php(488): CodeIgniter\CodeIgniter->createController()
 3 SYSTEMPATH\CodeIgniter.php(340): CodeIgniter\CodeIgniter->handleRequest(null, Object(Config\Cache), false)
 4 SYSTEMPATH\Boot.php(417): CodeIgniter\CodeIgniter->run()
 5 SYSTEMPATH\Boot.php(68): CodeIgniter\Boot::runCodeIgniter(Object(CodeIgniter\CodeIgniter))
 6 FCPATH\index.php(59): CodeIgniter\Boot::bootWeb(Object(Config\Paths))
 7 SYSTEMPATH\rewrite.php(44): require_once('C:\\TBS Food\\data penjualan\\PROJECT\\ci-food-store\\public\\index.php')
DEBUG - 2026-02-13 08:12:58 --> Session: Class initialized using 'CodeIgniter\Session\Handlers\FileHandler' driver.
WARNING - 2026-02-13 08:12:59 --> [DEPRECATED] Creation of dynamic property App\Controllers\Users\UsersInfo::$db is deprecated in APPPATH\Controllers\Users\UsersInfo.php on line 12.
 1 SYSTEMPATH\CodeIgniter.php(921): App\Controllers\Users\UsersInfo->__construct()
 2 SYSTEMPATH\CodeIgniter.php(488): CodeIgniter\CodeIgniter->createController()
 3 SYSTEMPATH\CodeIgniter.php(340): CodeIgniter\CodeIgniter->handleRequest(null, Object(Config\Cache), false)
 4 SYSTEMPATH\Boot.php(417): CodeIgniter\CodeIgniter->run()
 5 SYSTEMPATH\Boot.php(68): CodeIgniter\Boot::runCodeIgniter(Object(CodeIgniter\CodeIgniter))
 6 FCPATH\index.php(59): CodeIgniter\Boot::bootWeb(Object(Config\Paths))
 7 SYSTEMPATH\rewrite.php(44): require_once('C:\\TBS Food\\data penjualan\\PROJECT\\ci-food-store\\public\\index.php')
DEBUG - 2026-02-13 08:12:59 --> Session: Class initialized using 'CodeIgniter\Session\Handlers\FileHandler' driver.
WARNING - 2026-02-13 08:13:16 --> [DEPRECATED] Creation of dynamic property App\Controllers\Users\UsersInfo::$db is deprecated in APPPATH\Controllers\Users\UsersInfo.php on line 12.
 1 SYSTEMPATH\CodeIgniter.php(921): App\Controllers\Users\UsersInfo->__construct()
 2 SYSTEMPATH\CodeIgniter.php(488): CodeIgniter\CodeIgniter->createController()
 3 SYSTEMPATH\CodeIgniter.php(340): CodeIgniter\CodeIgniter->handleRequest(null, Object(Config\Cache), false)
 4 SYSTEMPATH\Boot.php(417): CodeIgniter\CodeIgniter->run()
 5 SYSTEMPATH\Boot.php(68): CodeIgniter\Boot::runCodeIgniter(Object(CodeIgniter\CodeIgniter))
 6 FCPATH\index.php(59): CodeIgniter\Boot::bootWeb(Object(Config\Paths))
 7 SYSTEMPATH\rewrite.php(44): require_once('C:\\TBS Food\\data penjualan\\PROJECT\\ci-food-store\\public\\index.php')
DEBUG - 2026-02-13 08:13:16 --> Session: Class initialized using 'CodeIgniter\Session\Handlers\FileHandler' driver.
WARNING - 2026-02-13 08:13:16 --> [DEPRECATED] Creation of dynamic property App\Controllers\Users\UsersInfo::$db is deprecated in APPPATH\Controllers\Users\UsersInfo.php on line 12.
 1 SYSTEMPATH\CodeIgniter.php(921): App\Controllers\Users\UsersInfo->__construct()
 2 SYSTEMPATH\CodeIgniter.php(488): CodeIgniter\CodeIgniter->createController()
 3 SYSTEMPATH\CodeIgniter.php(340): CodeIgniter\CodeIgniter->handleRequest(null, Object(Config\Cache), false)
 4 SYSTEMPATH\Boot.php(417): CodeIgniter\CodeIgniter->run()
 5 SYSTEMPATH\Boot.php(68): CodeIgniter\Boot::runCodeIgniter(Object(CodeIgniter\CodeIgniter))
 6 FCPATH\index.php(59): CodeIgniter\Boot::bootWeb(Object(Config\Paths))
 7 SYSTEMPATH\rewrite.php(44): require_once('C:\\TBS Food\\data penjualan\\PROJECT\\ci-food-store\\public\\index.php')
DEBUG - 2026-02-13 08:13:17 --> Session: Class initialized using 'CodeIgniter\Session\Handlers\FileHandler' driver.
DEBUG - 2026-02-13 08:33:59 --> Session: Class initialized using 'CodeIgniter\Session\Handlers\FileHandler' driver.
DEBUG - 2026-02-13 08:33:59 --> Session: Class initialized using 'CodeIgniter\Session\Handlers\FileHandler' driver.
WARNING - 2026-02-13 08:34:08 --> [DEPRECATED] Creation of dynamic property App\Controllers\Categories\Categories::$db is deprecated in APPPATH\Controllers\Categories\Categories.php on line 14.
 1 SYSTEMPATH\CodeIgniter.php(921): App\Controllers\Categories\Categories->__construct()
 2 SYSTEMPATH\CodeIgniter.php(488): CodeIgniter\CodeIgniter->createController()
 3 SYSTEMPATH\CodeIgniter.php(340): CodeIgniter\CodeIgniter->handleRequest(null, Object(Config\Cache), false)
 4 SYSTEMPATH\Boot.php(417): CodeIgniter\CodeIgniter->run()
 5 SYSTEMPATH\Boot.php(68): CodeIgniter\Boot::runCodeIgniter(Object(CodeIgniter\CodeIgniter))
 6 FCPATH\index.php(59): CodeIgniter\Boot::bootWeb(Object(Config\Paths))
 7 SYSTEMPATH\rewrite.php(44): require_once('C:\\TBS Food\\data penjualan\\PROJECT\\ci-food-store\\public\\index.php')
DEBUG - 2026-02-13 08:34:08 --> Session: Class initialized using 'CodeIgniter\Session\Handlers\FileHandler' driver.
WARNING - 2026-02-13 08:34:11 --> [DEPRECATED] Creation of dynamic property App\Controllers\Products\Products::$db is deprecated in APPPATH\Controllers\Products\Products.php on line 15.
 1 SYSTEMPATH\CodeIgniter.php(921): App\Controllers\Products\Products->__construct()
 2 SYSTEMPATH\CodeIgniter.php(488): CodeIgniter\CodeIgniter->createController()
 3 SYSTEMPATH\CodeIgniter.php(340): CodeIgniter\CodeIgniter->handleRequest(null, Object(Config\Cache), false)
 4 SYSTEMPATH\Boot.php(417): CodeIgniter\CodeIgniter->run()
 5 SYSTEMPATH\Boot.php(68): CodeIgniter\Boot::runCodeIgniter(Object(CodeIgniter\CodeIgniter))
 6 FCPATH\index.php(59): CodeIgniter\Boot::bootWeb(Object(Config\Paths))
 7 SYSTEMPATH\rewrite.php(44): require_once('C:\\TBS Food\\data penjualan\\PROJECT\\ci-food-store\\public\\index.php')
DEBUG - 2026-02-13 08:34:12 --> Session: Class initialized using 'CodeIgniter\Session\Handlers\FileHandler' driver.
WARNING - 2026-02-13 08:34:18 --> [DEPRECATED] Creation of dynamic property App\Controllers\Products\Products::$db is deprecated in APPPATH\Controllers\Products\Products.php on line 15.
 1 SYSTEMPATH\CodeIgniter.php(921): App\Controllers\Products\Products->__construct()
 2 SYSTEMPATH\CodeIgniter.php(488): CodeIgniter\CodeIgniter->createController()
 3 SYSTEMPATH\CodeIgniter.php(340): CodeIgniter\CodeIgniter->handleRequest(null, Object(Config\Cache), false)
 4 SYSTEMPATH\Boot.php(417): CodeIgniter\CodeIgniter->run()
 5 SYSTEMPATH\Boot.php(68): CodeIgniter\Boot::runCodeIgniter(Object(CodeIgniter\CodeIgniter))
 6 FCPATH\index.php(59): CodeIgniter\Boot::bootWeb(Object(Config\Paths))
 7 SYSTEMPATH\rewrite.php(44): require_once('C:\\TBS Food\\data penjualan\\PROJECT\\ci-food-store\\public\\index.php')
DEBUG - 2026-02-13 08:34:18 --> Session: Class initialized using 'CodeIgniter\Session\Handlers\FileHandler' driver.
WARNING - 2026-02-13 08:34:18 --> [DEPRECATED] Creation of dynamic property App\Controllers\Products\Products::$db is deprecated in APPPATH\Controllers\Products\Products.php on line 15.
 1 SYSTEMPATH\CodeIgniter.php(921): App\Controllers\Products\Products->__construct()
 2 SYSTEMPATH\CodeIgniter.php(488): CodeIgniter\CodeIgniter->createController()
 3 SYSTEMPATH\CodeIgniter.php(340): CodeIgniter\CodeIgniter->handleRequest(null, Object(Config\Cache), false)
 4 SYSTEMPATH\Boot.php(417): CodeIgniter\CodeIgniter->run()
 5 SYSTEMPATH\Boot.php(68): CodeIgniter\Boot::runCodeIgniter(Object(CodeIgniter\CodeIgniter))
 6 FCPATH\index.php(59): CodeIgniter\Boot::bootWeb(Object(Config\Paths))
 7 SYSTEMPATH\rewrite.php(44): require_once('C:\\TBS Food\\data penjualan\\PROJECT\\ci-food-store\\public\\index.php')
DEBUG - 2026-02-13 08:34:18 --> Session: Class initialized using 'CodeIgniter\Session\Handlers\FileHandler' driver.
WARNING - 2026-02-13 08:34:22 --> [DEPRECATED] Creation of dynamic property App\Controllers\Products\Products::$db is deprecated in APPPATH\Controllers\Products\Products.php on line 15.
 1 SYSTEMPATH\CodeIgniter.php(921): App\Controllers\Products\Products->__construct()
 2 SYSTEMPATH\CodeIgniter.php(488): CodeIgniter\CodeIgniter->createController()
 3 SYSTEMPATH\CodeIgniter.php(340): CodeIgniter\CodeIgniter->handleRequest(null, Object(Config\Cache), false)
 4 SYSTEMPATH\Boot.php(417): CodeIgniter\CodeIgniter->run()
 5 SYSTEMPATH\Boot.php(68): CodeIgniter\Boot::runCodeIgniter(Object(CodeIgniter\CodeIgniter))
 6 FCPATH\index.php(59): CodeIgniter\Boot::bootWeb(Object(Config\Paths))
 7 SYSTEMPATH\rewrite.php(44): require_once('C:\\TBS Food\\data penjualan\\PROJECT\\ci-food-store\\public\\index.php')
DEBUG - 2026-02-13 08:34:22 --> Session: Class initialized using 'CodeIgniter\Session\Handlers\FileHandler' driver.
WARNING - 2026-02-13 08:34:48 --> [DEPRECATED] Creation of dynamic property App\Controllers\Products\Products::$db is deprecated in APPPATH\Controllers\Products\Products.php on line 15.
 1 SYSTEMPATH\CodeIgniter.php(921): App\Controllers\Products\Products->__construct()
 2 SYSTEMPATH\CodeIgniter.php(488): CodeIgniter\CodeIgniter->createController()
 3 SYSTEMPATH\CodeIgniter.php(340): CodeIgniter\CodeIgniter->handleRequest(null, Object(Config\Cache), false)
 4 SYSTEMPATH\Boot.php(417): CodeIgniter\CodeIgniter->run()
 5 SYSTEMPATH\Boot.php(68): CodeIgniter\Boot::runCodeIgniter(Object(CodeIgniter\CodeIgniter))
 6 FCPATH\index.php(59): CodeIgniter\Boot::bootWeb(Object(Config\Paths))
 7 SYSTEMPATH\rewrite.php(44): require_once('C:\\TBS Food\\data penjualan\\PROJECT\\ci-food-store\\public\\index.php')
DEBUG - 2026-02-13 08:34:48 --> Session: Class initialized using 'CodeIgniter\Session\Handlers\FileHandler' driver.
WARNING - 2026-02-13 08:34:51 --> [DEPRECATED] Creation of dynamic property App\Controllers\Products\Products::$db is deprecated in APPPATH\Controllers\Products\Products.php on line 15.
 1 SYSTEMPATH\CodeIgniter.php(921): App\Controllers\Products\Products->__construct()
 2 SYSTEMPATH\CodeIgniter.php(488): CodeIgniter\CodeIgniter->createController()
 3 SYSTEMPATH\CodeIgniter.php(340): CodeIgniter\CodeIgniter->handleRequest(null, Object(Config\Cache), false)
 4 SYSTEMPATH\Boot.php(417): CodeIgniter\CodeIgniter->run()
 5 SYSTEMPATH\Boot.php(68): CodeIgniter\Boot::runCodeIgniter(Object(CodeIgniter\CodeIgniter))
 6 FCPATH\index.php(59): CodeIgniter\Boot::bootWeb(Object(Config\Paths))
 7 SYSTEMPATH\rewrite.php(44): require_once('C:\\TBS Food\\data penjualan\\PROJECT\\ci-food-store\\public\\index.php')
DEBUG - 2026-02-13 08:34:51 --> Session: Class initialized using 'CodeIgniter\Session\Handlers\FileHandler' driver.
WARNING - 2026-02-13 08:34:54 --> [DEPRECATED] Creation of dynamic property App\Controllers\Products\Products::$db is deprecated in APPPATH\Controllers\Products\Products.php on line 15.
 1 SYSTEMPATH\CodeIgniter.php(921): App\Controllers\Products\Products->__construct()
 2 SYSTEMPATH\CodeIgniter.php(488): CodeIgniter\CodeIgniter->createController()
 3 SYSTEMPATH\CodeIgniter.php(340): CodeIgniter\CodeIgniter->handleRequest(null, Object(Config\Cache), false)
 4 SYSTEMPATH\Boot.php(417): CodeIgniter\CodeIgniter->run()
 5 SYSTEMPATH\Boot.php(68): CodeIgniter\Boot::runCodeIgniter(Object(CodeIgniter\CodeIgniter))
 6 FCPATH\index.php(59): CodeIgniter\Boot::bootWeb(Object(Config\Paths))
 7 SYSTEMPATH\rewrite.php(44): require_once('C:\\TBS Food\\data penjualan\\PROJECT\\ci-food-store\\public\\index.php')
DEBUG - 2026-02-13 08:34:54 --> Session: Class initialized using 'CodeIgniter\Session\Handlers\FileHandler' driver.
WARNING - 2026-02-13 08:34:57 --> [DEPRECATED] Creation of dynamic property App\Controllers\Products\Products::$db is deprecated in APPPATH\Controllers\Products\Products.php on line 15.
 1 SYSTEMPATH\CodeIgniter.php(921): App\Controllers\Products\Products->__construct()
 2 SYSTEMPATH\CodeIgniter.php(488): CodeIgniter\CodeIgniter->createController()
 3 SYSTEMPATH\CodeIgniter.php(340): CodeIgniter\CodeIgniter->handleRequest(null, Object(Config\Cache), false)
 4 SYSTEMPATH\Boot.php(417): CodeIgniter\CodeIgniter->run()
 5 SYSTEMPATH\Boot.php(68): CodeIgniter\Boot::runCodeIgniter(Object(CodeIgniter\CodeIgniter))
 6 FCPATH\index.php(59): CodeIgniter\Boot::bootWeb(Object(Config\Paths))
 7 SYSTEMPATH\rewrite.php(44): require_once('C:\\TBS Food\\data penjualan\\PROJECT\\ci-food-store\\public\\index.php')
DEBUG - 2026-02-13 08:34:58 --> Session: Class initialized using 'CodeIgniter\Session\Handlers\FileHandler' driver.
WARNING - 2026-02-13 08:37:45 --> [DEPRECATED] Creation of dynamic property App\Controllers\Products\Products::$db is deprecated in APPPATH\Controllers\Products\Products.php on line 15.
 1 SYSTEMPATH\CodeIgniter.php(921): App\Controllers\Products\Products->__construct()
 2 SYSTEMPATH\CodeIgniter.php(488): CodeIgniter\CodeIgniter->createController()
 3 SYSTEMPATH\CodeIgniter.php(340): CodeIgniter\CodeIgniter->handleRequest(null, Object(Config\Cache), false)
 4 SYSTEMPATH\Boot.php(417): CodeIgniter\CodeIgniter->run()
 5 SYSTEMPATH\Boot.php(68): CodeIgniter\Boot::runCodeIgniter(Object(CodeIgniter\CodeIgniter))
 6 FCPATH\index.php(59): CodeIgniter\Boot::bootWeb(Object(Config\Paths))
 7 SYSTEMPATH\rewrite.php(44): require_once('C:\\TBS Food\\data penjualan\\PROJECT\\ci-food-store\\public\\index.php')
DEBUG - 2026-02-13 08:37:45 --> Session: Class initialized using 'CodeIgniter\Session\Handlers\FileHandler' driver.
WARNING - 2026-02-13 08:38:05 --> [DEPRECATED] Creation of dynamic property App\Controllers\Products\Products::$db is deprecated in APPPATH\Controllers\Products\Products.php on line 15.
 1 SYSTEMPATH\CodeIgniter.php(921): App\Controllers\Products\Products->__construct()
 2 SYSTEMPATH\CodeIgniter.php(488): CodeIgniter\CodeIgniter->createController()
 3 SYSTEMPATH\CodeIgniter.php(340): CodeIgniter\CodeIgniter->handleRequest(null, Object(Config\Cache), false)
 4 SYSTEMPATH\Boot.php(417): CodeIgniter\CodeIgniter->run()
 5 SYSTEMPATH\Boot.php(68): CodeIgniter\Boot::runCodeIgniter(Object(CodeIgniter\CodeIgniter))
 6 FCPATH\index.php(59): CodeIgniter\Boot::bootWeb(Object(Config\Paths))
 7 SYSTEMPATH\rewrite.php(44): require_once('C:\\TBS Food\\data penjualan\\PROJECT\\ci-food-store\\public\\index.php')
DEBUG - 2026-02-13 08:38:05 --> Session: Class initialized using 'CodeIgniter\Session\Handlers\FileHandler' driver.
WARNING - 2026-02-13 08:38:06 --> [DEPRECATED] Creation of dynamic property App\Controllers\Products\Products::$db is deprecated in APPPATH\Controllers\Products\Products.php on line 15.
 1 SYSTEMPATH\CodeIgniter.php(921): App\Controllers\Products\Products->__construct()
 2 SYSTEMPATH\CodeIgniter.php(488): CodeIgniter\CodeIgniter->createController()
 3 SYSTEMPATH\CodeIgniter.php(340): CodeIgniter\CodeIgniter->handleRequest(null, Object(Config\Cache), false)
 4 SYSTEMPATH\Boot.php(417): CodeIgniter\CodeIgniter->run()
 5 SYSTEMPATH\Boot.php(68): CodeIgniter\Boot::runCodeIgniter(Object(CodeIgniter\CodeIgniter))
 6 FCPATH\index.php(59): CodeIgniter\Boot::bootWeb(Object(Config\Paths))
 7 SYSTEMPATH\rewrite.php(44): require_once('C:\\TBS Food\\data penjualan\\PROJECT\\ci-food-store\\public\\index.php')
DEBUG - 2026-02-13 08:38:06 --> Session: Class initialized using 'CodeIgniter\Session\Handlers\FileHandler' driver.
WARNING - 2026-02-13 08:38:10 --> [DEPRECATED] Creation of dynamic property App\Controllers\Products\Products::$db is deprecated in APPPATH\Controllers\Products\Products.php on line 15.
 1 SYSTEMPATH\CodeIgniter.php(921): App\Controllers\Products\Products->__construct()
 2 SYSTEMPATH\CodeIgniter.php(488): CodeIgniter\CodeIgniter->createController()
 3 SYSTEMPATH\CodeIgniter.php(340): CodeIgniter\CodeIgniter->handleRequest(null, Object(Config\Cache), false)
 4 SYSTEMPATH\Boot.php(417): CodeIgniter\CodeIgniter->run()
 5 SYSTEMPATH\Boot.php(68): CodeIgniter\Boot::runCodeIgniter(Object(CodeIgniter\CodeIgniter))
 6 FCPATH\index.php(59): CodeIgniter\Boot::bootWeb(Object(Config\Paths))
 7 SYSTEMPATH\rewrite.php(44): require_once('C:\\TBS Food\\data penjualan\\PROJECT\\ci-food-store\\public\\index.php')
DEBUG - 2026-02-13 08:38:11 --> Session: Class initialized using 'CodeIgniter\Session\Handlers\FileHandler' driver.
DEBUG - 2026-02-13 08:38:20 --> Session: Class initialized using 'CodeIgniter\Session\Handlers\FileHandler' driver.
DEBUG - 2026-02-13 08:38:21 --> Session: Class initialized using 'CodeIgniter\Session\Handlers\FileHandler' driver.
DEBUG - 2026-02-13 08:38:25 --> Session: Class initialized using 'CodeIgniter\Session\Handlers\FileHandler' driver.
DEBUG - 2026-02-13 08:38:25 --> Session: Class initialized using 'CodeIgniter\Session\Handlers\FileHandler' driver.
WARNING - 2026-02-13 08:38:32 --> [DEPRECATED] Creation of dynamic property App\Controllers\Products\Products::$db is deprecated in APPPATH\Controllers\Products\Products.php on line 15.
 1 SYSTEMPATH\CodeIgniter.php(921): App\Controllers\Products\Products->__construct()
 2 SYSTEMPATH\CodeIgniter.php(488): CodeIgniter\CodeIgniter->createController()
 3 SYSTEMPATH\CodeIgniter.php(340): CodeIgniter\CodeIgniter->handleRequest(null, Object(Config\Cache), false)
 4 SYSTEMPATH\Boot.php(417): CodeIgniter\CodeIgniter->run()
 5 SYSTEMPATH\Boot.php(68): CodeIgniter\Boot::runCodeIgniter(Object(CodeIgniter\CodeIgniter))
 6 FCPATH\index.php(59): CodeIgniter\Boot::bootWeb(Object(Config\Paths))
 7 SYSTEMPATH\rewrite.php(44): require_once('C:\\TBS Food\\data penjualan\\PROJECT\\ci-food-store\\public\\index.php')
DEBUG - 2026-02-13 08:38:32 --> Session: Class initialized using 'CodeIgniter\Session\Handlers\FileHandler' driver.
WARNING - 2026-02-13 08:38:39 --> [DEPRECATED] Creation of dynamic property App\Controllers\Products\Products::$db is deprecated in APPPATH\Controllers\Products\Products.php on line 15.
 1 SYSTEMPATH\CodeIgniter.php(921): App\Controllers\Products\Products->__construct()
 2 SYSTEMPATH\CodeIgniter.php(488): CodeIgniter\CodeIgniter->createController()
 3 SYSTEMPATH\CodeIgniter.php(340): CodeIgniter\CodeIgniter->handleRequest(null, Object(Config\Cache), false)
 4 SYSTEMPATH\Boot.php(417): CodeIgniter\CodeIgniter->run()
 5 SYSTEMPATH\Boot.php(68): CodeIgniter\Boot::runCodeIgniter(Object(CodeIgniter\CodeIgniter))
 6 FCPATH\index.php(59): CodeIgniter\Boot::bootWeb(Object(Config\Paths))
 7 SYSTEMPATH\rewrite.php(44): require_once('C:\\TBS Food\\data penjualan\\PROJECT\\ci-food-store\\public\\index.php')
DEBUG - 2026-02-13 08:38:39 --> Session: Class initialized using 'CodeIgniter\Session\Handlers\FileHandler' driver.
WARNING - 2026-02-13 08:38:44 --> [DEPRECATED] Creation of dynamic property App\Controllers\Products\Products::$db is deprecated in APPPATH\Controllers\Products\Products.php on line 15.
 1 SYSTEMPATH\CodeIgniter.php(921): App\Controllers\Products\Products->__construct()
 2 SYSTEMPATH\CodeIgniter.php(488): CodeIgniter\CodeIgniter->createController()
 3 SYSTEMPATH\CodeIgniter.php(340): CodeIgniter\CodeIgniter->handleRequest(null, Object(Config\Cache), false)
 4 SYSTEMPATH\Boot.php(417): CodeIgniter\CodeIgniter->run()
 5 SYSTEMPATH\Boot.php(68): CodeIgniter\Boot::runCodeIgniter(Object(CodeIgniter\CodeIgniter))
 6 FCPATH\index.php(59): CodeIgniter\Boot::bootWeb(Object(Config\Paths))
 7 SYSTEMPATH\rewrite.php(44): require_once('C:\\TBS Food\\data penjualan\\PROJECT\\ci-food-store\\public\\index.php')
DEBUG - 2026-02-13 08:38:44 --> Session: Class initialized using 'CodeIgniter\Session\Handlers\FileHandler' driver.
DEBUG - 2026-02-13 08:38:48 --> Session: Class initialized using 'CodeIgniter\Session\Handlers\FileHandler' driver.
DEBUG - 2026-02-13 08:38:49 --> Session: Class initialized using 'CodeIgniter\Session\Handlers\FileHandler' driver.
DEBUG - 2026-02-13 08:38:56 --> Session: Class initialized using 'CodeIgniter\Session\Handlers\FileHandler' driver.
DEBUG - 2026-02-13 08:38:56 --> Session: Class initialized using 'CodeIgniter\Session\Handlers\FileHandler' driver.
DEBUG - 2026-02-13 08:40:19 --> Session: Class initialized using 'CodeIgniter\Session\Handlers\FileHandler' driver.
DEBUG - 2026-02-13 08:40:21 --> Session: Class initialized using 'CodeIgniter\Session\Handlers\FileHandler' driver.
DEBUG - 2026-02-13 08:40:22 --> Session: Class initialized using 'CodeIgniter\Session\Handlers\FileHandler' driver.
WARNING - 2026-02-13 08:40:29 --> [DEPRECATED] Creation of dynamic property App\Controllers\Products\Products::$db is deprecated in APPPATH\Controllers\Products\Products.php on line 15.
 1 SYSTEMPATH\CodeIgniter.php(921): App\Controllers\Products\Products->__construct()
 2 SYSTEMPATH\CodeIgniter.php(488): CodeIgniter\CodeIgniter->createController()
 3 SYSTEMPATH\CodeIgniter.php(340): CodeIgniter\CodeIgniter->handleRequest(null, Object(Config\Cache), false)
 4 SYSTEMPATH\Boot.php(417): CodeIgniter\CodeIgniter->run()
 5 SYSTEMPATH\Boot.php(68): CodeIgniter\Boot::runCodeIgniter(Object(CodeIgniter\CodeIgniter))
 6 FCPATH\index.php(59): CodeIgniter\Boot::bootWeb(Object(Config\Paths))
 7 SYSTEMPATH\rewrite.php(44): require_once('C:\\TBS Food\\data penjualan\\PROJECT\\ci-food-store\\public\\index.php')
DEBUG - 2026-02-13 08:40:29 --> Session: Class initialized using 'CodeIgniter\Session\Handlers\FileHandler' driver.
WARNING - 2026-02-13 08:41:49 --> [DEPRECATED] Creation of dynamic property App\Controllers\Products\Products::$db is deprecated in APPPATH\Controllers\Products\Products.php on line 15.
 1 SYSTEMPATH\CodeIgniter.php(921): App\Controllers\Products\Products->__construct()
 2 SYSTEMPATH\CodeIgniter.php(488): CodeIgniter\CodeIgniter->createController()
 3 SYSTEMPATH\CodeIgniter.php(340): CodeIgniter\CodeIgniter->handleRequest(null, Object(Config\Cache), false)
 4 SYSTEMPATH\Boot.php(417): CodeIgniter\CodeIgniter->run()
 5 SYSTEMPATH\Boot.php(68): CodeIgniter\Boot::runCodeIgniter(Object(CodeIgniter\CodeIgniter))
 6 FCPATH\index.php(59): CodeIgniter\Boot::bootWeb(Object(Config\Paths))
 7 SYSTEMPATH\rewrite.php(44): require_once('C:\\TBS Food\\data penjualan\\PROJECT\\ci-food-store\\public\\index.php')
DEBUG - 2026-02-13 08:41:49 --> Session: Class initialized using 'CodeIgniter\Session\Handlers\FileHandler' driver.
WARNING - 2026-02-13 08:41:53 --> [DEPRECATED] Creation of dynamic property App\Controllers\Products\Products::$db is deprecated in APPPATH\Controllers\Products\Products.php on line 15.
 1 SYSTEMPATH\CodeIgniter.php(921): App\Controllers\Products\Products->__construct()
 2 SYSTEMPATH\CodeIgniter.php(488): CodeIgniter\CodeIgniter->createController()
 3 SYSTEMPATH\CodeIgniter.php(340): CodeIgniter\CodeIgniter->handleRequest(null, Object(Config\Cache), false)
 4 SYSTEMPATH\Boot.php(417): CodeIgniter\CodeIgniter->run()
 5 SYSTEMPATH\Boot.php(68): CodeIgniter\Boot::runCodeIgniter(Object(CodeIgniter\CodeIgniter))
 6 FCPATH\index.php(59): CodeIgniter\Boot::bootWeb(Object(Config\Paths))
 7 SYSTEMPATH\rewrite.php(44): require_once('C:\\TBS Food\\data penjualan\\PROJECT\\ci-food-store\\public\\index.php')
DEBUG - 2026-02-13 08:41:53 --> Session: Class initialized using 'CodeIgniter\Session\Handlers\FileHandler' driver.
DEBUG - 2026-02-13 08:41:56 --> Session: Class initialized using 'CodeIgniter\Session\Handlers\FileHandler' driver.
DEBUG - 2026-02-13 08:41:57 --> Session: Class initialized using 'CodeIgniter\Session\Handlers\FileHandler' driver.
DEBUG - 2026-02-13 08:42:00 --> Session: Class initialized using 'CodeIgniter\Session\Handlers\FileHandler' driver.
DEBUG - 2026-02-13 08:42:04 --> Session: Class initialized using 'CodeIgniter\Session\Handlers\FileHandler' driver.
DEBUG - 2026-02-13 08:42:05 --> Session: Class initialized using 'CodeIgniter\Session\Handlers\FileHandler' driver.
DEBUG - 2026-02-13 08:42:08 --> Session: Class initialized using 'CodeIgniter\Session\Handlers\FileHandler' driver.
DEBUG - 2026-02-13 08:42:09 --> Session: Class initialized using 'CodeIgniter\Session\Handlers\FileHandler' driver.
DEBUG - 2026-02-13 08:42:47 --> Session: Class initialized using 'CodeIgniter\Session\Handlers\FileHandler' driver.
DEBUG - 2026-02-13 08:42:48 --> Session: Class initialized using 'CodeIgniter\Session\Handlers\FileHandler' driver.
DEBUG - 2026-02-13 08:43:03 --> Session: Class initialized using 'CodeIgniter\Session\Handlers\FileHandler' driver.
DEBUG - 2026-02-13 08:43:04 --> Session: Class initialized using 'CodeIgniter\Session\Handlers\FileHandler' driver.
DEBUG - 2026-02-13 08:43:09 --> Session: Class initialized using 'CodeIgniter\Session\Handlers\FileHandler' driver.
DEBUG - 2026-02-13 08:43:09 --> Session: Class initialized using 'CodeIgniter\Session\Handlers\FileHandler' driver.
DEBUG - 2026-02-13 08:43:42 --> Session: Class initialized using 'CodeIgniter\Session\Handlers\FileHandler' driver.
WARNING - 2026-02-13 08:43:47 --> [DEPRECATED] Creation of dynamic property App\Controllers\Categories\Categories::$db is deprecated in APPPATH\Controllers\Categories\Categories.php on line 14.
 1 SYSTEMPATH\CodeIgniter.php(921): App\Controllers\Categories\Categories->__construct()
 2 SYSTEMPATH\CodeIgniter.php(488): CodeIgniter\CodeIgniter->createController()
 3 SYSTEMPATH\CodeIgniter.php(340): CodeIgniter\CodeIgniter->handleRequest(null, Object(Config\Cache), false)
 4 SYSTEMPATH\Boot.php(417): CodeIgniter\CodeIgniter->run()
 5 SYSTEMPATH\Boot.php(68): CodeIgniter\Boot::runCodeIgniter(Object(CodeIgniter\CodeIgniter))
 6 FCPATH\index.php(59): CodeIgniter\Boot::bootWeb(Object(Config\Paths))
 7 SYSTEMPATH\rewrite.php(44): require_once('C:\\TBS Food\\data penjualan\\PROJECT\\ci-food-store\\public\\index.php')
DEBUG - 2026-02-13 08:43:47 --> Session: Class initialized using 'CodeIgniter\Session\Handlers\FileHandler' driver.
WARNING - 2026-02-13 08:43:56 --> [DEPRECATED] Creation of dynamic property App\Controllers\Categories\Categories::$db is deprecated in APPPATH\Controllers\Categories\Categories.php on line 14.
 1 SYSTEMPATH\CodeIgniter.php(921): App\Controllers\Categories\Categories->__construct()
 2 SYSTEMPATH\CodeIgniter.php(488): CodeIgniter\CodeIgniter->createController()
 3 SYSTEMPATH\CodeIgniter.php(340): CodeIgniter\CodeIgniter->handleRequest(null, Object(Config\Cache), false)
 4 SYSTEMPATH\Boot.php(417): CodeIgniter\CodeIgniter->run()
 5 SYSTEMPATH\Boot.php(68): CodeIgniter\Boot::runCodeIgniter(Object(CodeIgniter\CodeIgniter))
 6 FCPATH\index.php(59): CodeIgniter\Boot::bootWeb(Object(Config\Paths))
 7 SYSTEMPATH\rewrite.php(44): require_once('C:\\TBS Food\\data penjualan\\PROJECT\\ci-food-store\\public\\index.php')
DEBUG - 2026-02-13 08:43:56 --> Session: Class initialized using 'CodeIgniter\Session\Handlers\FileHandler' driver.
WARNING - 2026-02-13 08:44:00 --> [DEPRECATED] Creation of dynamic property App\Controllers\Products\Products::$db is deprecated in APPPATH\Controllers\Products\Products.php on line 15.
 1 SYSTEMPATH\CodeIgniter.php(921): App\Controllers\Products\Products->__construct()
 2 SYSTEMPATH\CodeIgniter.php(488): CodeIgniter\CodeIgniter->createController()
 3 SYSTEMPATH\CodeIgniter.php(340): CodeIgniter\CodeIgniter->handleRequest(null, Object(Config\Cache), false)
 4 SYSTEMPATH\Boot.php(417): CodeIgniter\CodeIgniter->run()
 5 SYSTEMPATH\Boot.php(68): CodeIgniter\Boot::runCodeIgniter(Object(CodeIgniter\CodeIgniter))
 6 FCPATH\index.php(59): CodeIgniter\Boot::bootWeb(Object(Config\Paths))
 7 SYSTEMPATH\rewrite.php(44): require_once('C:\\TBS Food\\data penjualan\\PROJECT\\ci-food-store\\public\\index.php')
DEBUG - 2026-02-13 08:44:00 --> Session: Class initialized using 'CodeIgniter\Session\Handlers\FileHandler' driver.
WARNING - 2026-02-13 08:45:11 --> [DEPRECATED] Creation of dynamic property App\Controllers\Products\Products::$db is deprecated in APPPATH\Controllers\Products\Products.php on line 15.
 1 SYSTEMPATH\CodeIgniter.php(921): App\Controllers\Products\Products->__construct()
 2 SYSTEMPATH\CodeIgniter.php(488): CodeIgniter\CodeIgniter->createController()
 3 SYSTEMPATH\CodeIgniter.php(340): CodeIgniter\CodeIgniter->handleRequest(null, Object(Config\Cache), false)
 4 SYSTEMPATH\Boot.php(417): CodeIgniter\CodeIgniter->run()
 5 SYSTEMPATH\Boot.php(68): CodeIgniter\Boot::runCodeIgniter(Object(CodeIgniter\CodeIgniter))
 6 FCPATH\index.php(59): CodeIgniter\Boot::bootWeb(Object(Config\Paths))
 7 SYSTEMPATH\rewrite.php(44): require_once('C:\\TBS Food\\data penjualan\\PROJECT\\ci-food-store\\public\\index.php')
DEBUG - 2026-02-13 08:45:12 --> Session: Class initialized using 'CodeIgniter\Session\Handlers\FileHandler' driver.
WARNING - 2026-02-13 08:45:51 --> [DEPRECATED] Creation of dynamic property App\Controllers\Products\Products::$db is deprecated in APPPATH\Controllers\Products\Products.php on line 15.
 1 SYSTEMPATH\CodeIgniter.php(921): App\Controllers\Products\Products->__construct()
 2 SYSTEMPATH\CodeIgniter.php(488): CodeIgniter\CodeIgniter->createController()
 3 SYSTEMPATH\CodeIgniter.php(340): CodeIgniter\CodeIgniter->handleRequest(null, Object(Config\Cache), false)
 4 SYSTEMPATH\Boot.php(417): CodeIgniter\CodeIgniter->run()
 5 SYSTEMPATH\Boot.php(68): CodeIgniter\Boot::runCodeIgniter(Object(CodeIgniter\CodeIgniter))
 6 FCPATH\index.php(59): CodeIgniter\Boot::bootWeb(Object(Config\Paths))
 7 SYSTEMPATH\rewrite.php(44): require_once('C:\\TBS Food\\data penjualan\\PROJECT\\ci-food-store\\public\\index.php')
DEBUG - 2026-02-13 08:45:51 --> Session: Class initialized using 'CodeIgniter\Session\Handlers\FileHandler' driver.
WARNING - 2026-02-13 08:45:53 --> [DEPRECATED] Creation of dynamic property App\Controllers\Categories\Categories::$db is deprecated in APPPATH\Controllers\Categories\Categories.php on line 14.
 1 SYSTEMPATH\CodeIgniter.php(921): App\Controllers\Categories\Categories->__construct()
 2 SYSTEMPATH\CodeIgniter.php(488): CodeIgniter\CodeIgniter->createController()
 3 SYSTEMPATH\CodeIgniter.php(340): CodeIgniter\CodeIgniter->handleRequest(null, Object(Config\Cache), false)
 4 SYSTEMPATH\Boot.php(417): CodeIgniter\CodeIgniter->run()
 5 SYSTEMPATH\Boot.php(68): CodeIgniter\Boot::runCodeIgniter(Object(CodeIgniter\CodeIgniter))
 6 FCPATH\index.php(59): CodeIgniter\Boot::bootWeb(Object(Config\Paths))
 7 SYSTEMPATH\rewrite.php(44): require_once('C:\\TBS Food\\data penjualan\\PROJECT\\ci-food-store\\public\\index.php')
DEBUG - 2026-02-13 08:45:53 --> Session: Class initialized using 'CodeIgniter\Session\Handlers\FileHandler' driver.
WARNING - 2026-02-13 08:45:58 --> [DEPRECATED] Creation of dynamic property App\Controllers\Products\Products::$db is deprecated in APPPATH\Controllers\Products\Products.php on line 15.
 1 SYSTEMPATH\CodeIgniter.php(921): App\Controllers\Products\Products->__construct()
 2 SYSTEMPATH\CodeIgniter.php(488): CodeIgniter\CodeIgniter->createController()
 3 SYSTEMPATH\CodeIgniter.php(340): CodeIgniter\CodeIgniter->handleRequest(null, Object(Config\Cache), false)
 4 SYSTEMPATH\Boot.php(417): CodeIgniter\CodeIgniter->run()
 5 SYSTEMPATH\Boot.php(68): CodeIgniter\Boot::runCodeIgniter(Object(CodeIgniter\CodeIgniter))
 6 FCPATH\index.php(59): CodeIgniter\Boot::bootWeb(Object(Config\Paths))
 7 SYSTEMPATH\rewrite.php(44): require_once('C:\\TBS Food\\data penjualan\\PROJECT\\ci-food-store\\public\\index.php')
DEBUG - 2026-02-13 08:45:58 --> Session: Class initialized using 'CodeIgniter\Session\Handlers\FileHandler' driver.
WARNING - 2026-02-13 08:46:08 --> [DEPRECATED] Creation of dynamic property App\Controllers\Categories\Categories::$db is deprecated in APPPATH\Controllers\Categories\Categories.php on line 14.
 1 SYSTEMPATH\CodeIgniter.php(921): App\Controllers\Categories\Categories->__construct()
 2 SYSTEMPATH\CodeIgniter.php(488): CodeIgniter\CodeIgniter->createController()
 3 SYSTEMPATH\CodeIgniter.php(340): CodeIgniter\CodeIgniter->handleRequest(null, Object(Config\Cache), false)
 4 SYSTEMPATH\Boot.php(417): CodeIgniter\CodeIgniter->run()
 5 SYSTEMPATH\Boot.php(68): CodeIgniter\Boot::runCodeIgniter(Object(CodeIgniter\CodeIgniter))
 6 FCPATH\index.php(59): CodeIgniter\Boot::bootWeb(Object(Config\Paths))
 7 SYSTEMPATH\rewrite.php(44): require_once('C:\\TBS Food\\data penjualan\\PROJECT\\ci-food-store\\public\\index.php')
DEBUG - 2026-02-13 08:46:08 --> Session: Class initialized using 'CodeIgniter\Session\Handlers\FileHandler' driver.
WARNING - 2026-02-13 08:46:12 --> [DEPRECATED] Creation of dynamic property App\Controllers\Products\Products::$db is deprecated in APPPATH\Controllers\Products\Products.php on line 15.
 1 SYSTEMPATH\CodeIgniter.php(921): App\Controllers\Products\Products->__construct()
 2 SYSTEMPATH\CodeIgniter.php(488): CodeIgniter\CodeIgniter->createController()
 3 SYSTEMPATH\CodeIgniter.php(340): CodeIgniter\CodeIgniter->handleRequest(null, Object(Config\Cache), false)
 4 SYSTEMPATH\Boot.php(417): CodeIgniter\CodeIgniter->run()
 5 SYSTEMPATH\Boot.php(68): CodeIgniter\Boot::runCodeIgniter(Object(CodeIgniter\CodeIgniter))
 6 FCPATH\index.php(59): CodeIgniter\Boot::bootWeb(Object(Config\Paths))
 7 SYSTEMPATH\rewrite.php(44): require_once('C:\\TBS Food\\data penjualan\\PROJECT\\ci-food-store\\public\\index.php')
DEBUG - 2026-02-13 08:46:12 --> Session: Class initialized using 'CodeIgniter\Session\Handlers\FileHandler' driver.
DEBUG - 2026-02-13 08:46:23 --> Session: Class initialized using 'CodeIgniter\Session\Handlers\FileHandler' driver.
DEBUG - 2026-02-13 08:46:23 --> Session: Class initialized using 'CodeIgniter\Session\Handlers\FileHandler' driver.
DEBUG - 2026-02-13 08:46:27 --> Session: Class initialized using 'CodeIgniter\Session\Handlers\FileHandler' driver.
WARNING - 2026-02-13 08:46:30 --> [DEPRECATED] Creation of dynamic property App\Controllers\Categories\Categories::$db is deprecated in APPPATH\Controllers\Categories\Categories.php on line 14.
 1 SYSTEMPATH\CodeIgniter.php(921): App\Controllers\Categories\Categories->__construct()
 2 SYSTEMPATH\CodeIgniter.php(488): CodeIgniter\CodeIgniter->createController()
 3 SYSTEMPATH\CodeIgniter.php(340): CodeIgniter\CodeIgniter->handleRequest(null, Object(Config\Cache), false)
 4 SYSTEMPATH\Boot.php(417): CodeIgniter\CodeIgniter->run()
 5 SYSTEMPATH\Boot.php(68): CodeIgniter\Boot::runCodeIgniter(Object(CodeIgniter\CodeIgniter))
 6 FCPATH\index.php(59): CodeIgniter\Boot::bootWeb(Object(Config\Paths))
 7 SYSTEMPATH\rewrite.php(44): require_once('C:\\TBS Food\\data penjualan\\PROJECT\\ci-food-store\\public\\index.php')
DEBUG - 2026-02-13 08:46:30 --> Session: Class initialized using 'CodeIgniter\Session\Handlers\FileHandler' driver.
WARNING - 2026-02-13 08:46:33 --> [DEPRECATED] Creation of dynamic property App\Controllers\Products\Products::$db is deprecated in APPPATH\Controllers\Products\Products.php on line 15.
 1 SYSTEMPATH\CodeIgniter.php(921): App\Controllers\Products\Products->__construct()
 2 SYSTEMPATH\CodeIgniter.php(488): CodeIgniter\CodeIgniter->createController()
 3 SYSTEMPATH\CodeIgniter.php(340): CodeIgniter\CodeIgniter->handleRequest(null, Object(Config\Cache), false)
 4 SYSTEMPATH\Boot.php(417): CodeIgniter\CodeIgniter->run()
 5 SYSTEMPATH\Boot.php(68): CodeIgniter\Boot::runCodeIgniter(Object(CodeIgniter\CodeIgniter))
 6 FCPATH\index.php(59): CodeIgniter\Boot::bootWeb(Object(Config\Paths))
 7 SYSTEMPATH\rewrite.php(44): require_once('C:\\TBS Food\\data penjualan\\PROJECT\\ci-food-store\\public\\index.php')
DEBUG - 2026-02-13 08:46:33 --> Session: Class initialized using 'CodeIgniter\Session\Handlers\FileHandler' driver.
WARNING - 2026-02-13 08:47:20 --> [DEPRECATED] Creation of dynamic property App\Controllers\Products\Products::$db is deprecated in APPPATH\Controllers\Products\Products.php on line 15.
 1 SYSTEMPATH\CodeIgniter.php(921): App\Controllers\Products\Products->__construct()
 2 SYSTEMPATH\CodeIgniter.php(488): CodeIgniter\CodeIgniter->createController()
 3 SYSTEMPATH\CodeIgniter.php(340): CodeIgniter\CodeIgniter->handleRequest(null, Object(Config\Cache), false)
 4 SYSTEMPATH\Boot.php(417): CodeIgniter\CodeIgniter->run()
 5 SYSTEMPATH\Boot.php(68): CodeIgniter\Boot::runCodeIgniter(Object(CodeIgniter\CodeIgniter))
 6 FCPATH\index.php(59): CodeIgniter\Boot::bootWeb(Object(Config\Paths))
 7 SYSTEMPATH\rewrite.php(44): require_once('C:\\TBS Food\\data penjualan\\PROJECT\\ci-food-store\\public\\index.php')
DEBUG - 2026-02-13 08:47:20 --> Session: Class initialized using 'CodeIgniter\Session\Handlers\FileHandler' driver.
DEBUG - 2026-02-13 08:47:25 --> Session: Class initialized using 'CodeIgniter\Session\Handlers\FileHandler' driver.
WARNING - 2026-02-13 08:47:28 --> [DEPRECATED] Creation of dynamic property App\Controllers\Products\Products::$db is deprecated in APPPATH\Controllers\Products\Products.php on line 15.
 1 SYSTEMPATH\CodeIgniter.php(921): App\Controllers\Products\Products->__construct()
 2 SYSTEMPATH\CodeIgniter.php(488): CodeIgniter\CodeIgniter->createController()
 3 SYSTEMPATH\CodeIgniter.php(340): CodeIgniter\CodeIgniter->handleRequest(null, Object(Config\Cache), false)
 4 SYSTEMPATH\Boot.php(417): CodeIgniter\CodeIgniter->run()
 5 SYSTEMPATH\Boot.php(68): CodeIgniter\Boot::runCodeIgniter(Object(CodeIgniter\CodeIgniter))
 6 FCPATH\index.php(59): CodeIgniter\Boot::bootWeb(Object(Config\Paths))
 7 SYSTEMPATH\rewrite.php(44): require_once('C:\\TBS Food\\data penjualan\\PROJECT\\ci-food-store\\public\\index.php')
DEBUG - 2026-02-13 08:47:28 --> Session: Class initialized using 'CodeIgniter\Session\Handlers\FileHandler' driver.
DEBUG - 2026-02-13 08:52:18 --> Session: Class initialized using 'CodeIgniter\Session\Handlers\FileHandler' driver.
DEBUG - 2026-02-13 08:52:23 --> Session: Class initialized using 'CodeIgniter\Session\Handlers\FileHandler' driver.
DEBUG - 2026-02-13 08:52:24 --> Session: Class initialized using 'CodeIgniter\Session\Handlers\FileHandler' driver.
DEBUG - 2026-02-13 08:57:17 --> Session: Class initialized using 'CodeIgniter\Session\Handlers\FileHandler' driver.
DEBUG - 2026-02-13 08:57:17 --> Session: Class initialized using 'CodeIgniter\Session\Handlers\FileHandler' driver.
WARNING - 2026-02-13 08:57:25 --> [DEPRECATED] Creation of dynamic property App\Controllers\Categories\Categories::$db is deprecated in APPPATH\Controllers\Categories\Categories.php on line 14.
 1 SYSTEMPATH\CodeIgniter.php(921): App\Controllers\Categories\Categories->__construct()
 2 SYSTEMPATH\CodeIgniter.php(488): CodeIgniter\CodeIgniter->createController()
 3 SYSTEMPATH\CodeIgniter.php(340): CodeIgniter\CodeIgniter->handleRequest(null, Object(Config\Cache), false)
 4 SYSTEMPATH\Boot.php(417): CodeIgniter\CodeIgniter->run()
 5 SYSTEMPATH\Boot.php(68): CodeIgniter\Boot::runCodeIgniter(Object(CodeIgniter\CodeIgniter))
 6 FCPATH\index.php(59): CodeIgniter\Boot::bootWeb(Object(Config\Paths))
 7 SYSTEMPATH\rewrite.php(44): require_once('C:\\TBS Food\\data penjualan\\PROJECT\\ci-food-store\\public\\index.php')
DEBUG - 2026-02-13 08:57:25 --> Session: Class initialized using 'CodeIgniter\Session\Handlers\FileHandler' driver.
DEBUG - 2026-02-13 08:57:28 --> Session: Class initialized using 'CodeIgniter\Session\Handlers\FileHandler' driver.
DEBUG - 2026-02-13 08:57:28 --> Session: Class initialized using 'CodeIgniter\Session\Handlers\FileHandler' driver.
DEBUG - 2026-02-13 08:57:33 --> Session: Class initialized using 'CodeIgniter\Session\Handlers\FileHandler' driver.
DEBUG - 2026-02-13 08:57:34 --> Session: Class initialized using 'CodeIgniter\Session\Handlers\FileHandler' driver.
DEBUG - 2026-02-13 08:57:38 --> Session: Class initialized using 'CodeIgniter\Session\Handlers\FileHandler' driver.
DEBUG - 2026-02-13 08:57:38 --> Session: Class initialized using 'CodeIgniter\Session\Handlers\FileHandler' driver.
DEBUG - 2026-02-13 08:57:46 --> Session: Class initialized using 'CodeIgniter\Session\Handlers\FileHandler' driver.
DEBUG - 2026-02-13 08:57:46 --> Session: Class initialized using 'CodeIgniter\Session\Handlers\FileHandler' driver.
WARNING - 2026-02-13 08:57:49 --> [DEPRECATED] Creation of dynamic property App\Controllers\Categories\Categories::$db is deprecated in APPPATH\Controllers\Categories\Categories.php on line 14.
 1 SYSTEMPATH\CodeIgniter.php(921): App\Controllers\Categories\Categories->__construct()
 2 SYSTEMPATH\CodeIgniter.php(488): CodeIgniter\CodeIgniter->createController()
 3 SYSTEMPATH\CodeIgniter.php(340): CodeIgniter\CodeIgniter->handleRequest(null, Object(Config\Cache), false)
 4 SYSTEMPATH\Boot.php(417): CodeIgniter\CodeIgniter->run()
 5 SYSTEMPATH\Boot.php(68): CodeIgniter\Boot::runCodeIgniter(Object(CodeIgniter\CodeIgniter))
 6 FCPATH\index.php(59): CodeIgniter\Boot::bootWeb(Object(Config\Paths))
 7 SYSTEMPATH\rewrite.php(44): require_once('C:\\TBS Food\\data penjualan\\PROJECT\\ci-food-store\\public\\index.php')
DEBUG - 2026-02-13 08:57:49 --> Session: Class initialized using 'CodeIgniter\Session\Handlers\FileHandler' driver.
WARNING - 2026-02-13 08:58:52 --> [DEPRECATED] Creation of dynamic property App\Controllers\Categories\Categories::$db is deprecated in APPPATH\Controllers\Categories\Categories.php on line 14.
 1 SYSTEMPATH\CodeIgniter.php(921): App\Controllers\Categories\Categories->__construct()
 2 SYSTEMPATH\CodeIgniter.php(488): CodeIgniter\CodeIgniter->createController()
 3 SYSTEMPATH\CodeIgniter.php(340): CodeIgniter\CodeIgniter->handleRequest(null, Object(Config\Cache), false)
 4 SYSTEMPATH\Boot.php(417): CodeIgniter\CodeIgniter->run()
 5 SYSTEMPATH\Boot.php(68): CodeIgniter\Boot::runCodeIgniter(Object(CodeIgniter\CodeIgniter))
 6 FCPATH\index.php(59): CodeIgniter\Boot::bootWeb(Object(Config\Paths))
 7 SYSTEMPATH\rewrite.php(44): require_once('C:\\TBS Food\\data penjualan\\PROJECT\\ci-food-store\\public\\index.php')
DEBUG - 2026-02-13 08:58:52 --> Session: Class initialized using 'CodeIgniter\Session\Handlers\FileHandler' driver.
CRITICAL - 2026-02-13 09:19:07 --> ErrorException: Array to string conversion
[Method: GET, Route: categories/category/2]
in APPPATH\Config\Routes.php on line 10.
 1 APPPATH\Config\Routes.php(10): CodeIgniter\Debug\Exceptions->errorHandler(2, 'Array to string conversion', 'C:\\TBS Food\\data penjualan\\PROJECT\\ci-food-store\\app\\Config\\Routes.php', 10)
 2 SYSTEMPATH\Router\RouteCollection.php(339): require('C:\\TBS Food\\data penjualan\\PROJECT\\ci-food-store\\app\\Config\\Routes.php')
 3 SYSTEMPATH\CodeIgniter.php(818): CodeIgniter\Router\RouteCollection->loadRoutes()
 4 SYSTEMPATH\CodeIgniter.php(441): CodeIgniter\CodeIgniter->tryToRouteIt(null)
 5 SYSTEMPATH\CodeIgniter.php(340): CodeIgniter\CodeIgniter->handleRequest(null, Object(Config\Cache), false)
 6 SYSTEMPATH\Boot.php(417): CodeIgniter\CodeIgniter->run()
 7 SYSTEMPATH\Boot.php(68): CodeIgniter\Boot::runCodeIgniter(Object(CodeIgniter\CodeIgniter))
 8 FCPATH\index.php(59): CodeIgniter\Boot::bootWeb(Object(Config\Paths))
 9 SYSTEMPATH\rewrite.php(44): require_once('C:\\TBS Food\\data penjualan\\PROJECT\\ci-food-store\\public\\index.php')
WARNING - 2026-02-13 09:19:30 --> [DEPRECATED] Creation of dynamic property App\Controllers\Categories\Categories::$db is deprecated in APPPATH\Controllers\Categories\Categories.php on line 14.
 1 SYSTEMPATH\CodeIgniter.php(921): App\Controllers\Categories\Categories->__construct()
 2 SYSTEMPATH\CodeIgniter.php(488): CodeIgniter\CodeIgniter->createController()
 3 SYSTEMPATH\CodeIgniter.php(340): CodeIgniter\CodeIgniter->handleRequest(null, Object(Config\Cache), false)
 4 SYSTEMPATH\Boot.php(417): CodeIgniter\CodeIgniter->run()
 5 SYSTEMPATH\Boot.php(68): CodeIgniter\Boot::runCodeIgniter(Object(CodeIgniter\CodeIgniter))
 6 FCPATH\index.php(59): CodeIgniter\Boot::bootWeb(Object(Config\Paths))
 7 SYSTEMPATH\rewrite.php(44): require_once('C:\\TBS Food\\data penjualan\\PROJECT\\ci-food-store\\public\\index.php')
DEBUG - 2026-02-13 09:19:31 --> Session: Class initialized using 'CodeIgniter\Session\Handlers\FileHandler' driver.
WARNING - 2026-02-13 09:29:57 --> [DEPRECATED] Creation of dynamic property App\Controllers\Categories\Categories::$db is deprecated in APPPATH\Controllers\Categories\Categories.php on line 14.
 1 SYSTEMPATH\CodeIgniter.php(921): App\Controllers\Categories\Categories->__construct()
 2 SYSTEMPATH\CodeIgniter.php(488): CodeIgniter\CodeIgniter->createController()
 3 SYSTEMPATH\CodeIgniter.php(340): CodeIgniter\CodeIgniter->handleRequest(null, Object(Config\Cache), false)
 4 SYSTEMPATH\Boot.php(417): CodeIgniter\CodeIgniter->run()
 5 SYSTEMPATH\Boot.php(68): CodeIgniter\Boot::runCodeIgniter(Object(CodeIgniter\CodeIgniter))
 6 FCPATH\index.php(59): CodeIgniter\Boot::bootWeb(Object(Config\Paths))
 7 SYSTEMPATH\rewrite.php(44): require_once('C:\\TBS Food\\data penjualan\\PROJECT\\ci-food-store\\public\\index.php')
DEBUG - 2026-02-13 09:29:57 --> Session: Class initialized using 'CodeIgniter\Session\Handlers\FileHandler' driver.
DEBUG - 2026-02-13 09:29:59 --> Session: Class initialized using 'CodeIgniter\Session\Handlers\FileHandler' driver.
DEBUG - 2026-02-13 09:30:00 --> Session: Class initialized using 'CodeIgniter\Session\Handlers\FileHandler' driver.
DEBUG - 2026-02-13 09:30:04 --> Session: Class initialized using 'CodeIgniter\Session\Handlers\FileHandler' driver.
DEBUG - 2026-02-13 09:30:14 --> Session: Class initialized using 'CodeIgniter\Session\Handlers\FileHandler' driver.
WARNING - 2026-02-13 09:30:15 --> [DEPRECATED] Creation of dynamic property App\Controllers\Products\Products::$db is deprecated in APPPATH\Controllers\Products\Products.php on line 15.
 1 SYSTEMPATH\CodeIgniter.php(921): App\Controllers\Products\Products->__construct()
 2 SYSTEMPATH\CodeIgniter.php(488): CodeIgniter\CodeIgniter->createController()
 3 SYSTEMPATH\CodeIgniter.php(340): CodeIgniter\CodeIgniter->handleRequest(null, Object(Config\Cache), false)
 4 SYSTEMPATH\Boot.php(417): CodeIgniter\CodeIgniter->run()
 5 SYSTEMPATH\Boot.php(68): CodeIgniter\Boot::runCodeIgniter(Object(CodeIgniter\CodeIgniter))
 6 FCPATH\index.php(59): CodeIgniter\Boot::bootWeb(Object(Config\Paths))
 7 SYSTEMPATH\rewrite.php(44): require_once('C:\\TBS Food\\data penjualan\\PROJECT\\ci-food-store\\public\\index.php')
DEBUG - 2026-02-13 09:30:15 --> Session: Class initialized using 'CodeIgniter\Session\Handlers\FileHandler' driver.
DEBUG - 2026-02-13 09:30:19 --> Session: Class initialized using 'CodeIgniter\Session\Handlers\FileHandler' driver.
DEBUG - 2026-02-13 09:30:33 --> Session: Class initialized using 'CodeIgniter\Session\Handlers\FileHandler' driver.
DEBUG - 2026-02-13 09:30:34 --> Session: Class initialized using 'CodeIgniter\Session\Handlers\FileHandler' driver.
DEBUG - 2026-02-13 09:40:41 --> Session: Class initialized using 'CodeIgniter\Session\Handlers\FileHandler' driver.
DEBUG - 2026-02-13 09:40:43 --> Session: Class initialized using 'CodeIgniter\Session\Handlers\FileHandler' driver.
