DEBUG - 2026-02-04 15:58:02 --> Session: Class initialized using 'CodeIgniter\Session\Handlers\FileHandler' driver.
DEBUG - 2026-02-04 15:58:23 --> Session: Class initialized using 'CodeIgniter\Session\Handlers\FileHandler' driver.
DEBUG - 2026-02-04 15:58:40 --> Session: Class initialized using 'CodeIgniter\Session\Handlers\FileHandler' driver.
DEBUG - 2026-02-04 15:58:55 --> Session: Class initialized using 'CodeIgniter\Session\Handlers\FileHandler' driver.
DEBUG - 2026-02-04 16:08:06 --> Session: Class initialized using 'CodeIgniter\Session\Handlers\FileHandler' driver.
DEBUG - 2026-02-04 16:08:34 --> Session: Class initialized using 'CodeIgniter\Session\Handlers\FileHandler' driver.
DEBUG - 2026-02-04 16:10:32 --> Session: Class initialized using 'CodeIgniter\Session\Handlers\FileHandler' driver.
ERROR - 2026-02-04 16:26:08 --> Unknown table 'ci-food-store.products'
in SYSTEMPATH\Database\MySQLi\Connection.php on line 300.
 1 SYSTEMPATH\Database\MySQLi\Connection.php(300): mysqli->query('DROP TABLE `products`', 0)
 2 SYSTEMPATH\Database\BaseConnection.php(769): CodeIgniter\Database\MySQLi\Connection->execute('DROP TABLE `products`')
 3 SYSTEMPATH\Database\BaseConnection.php(686): CodeIgniter\Database\BaseConnection->simpleQuery('DROP TABLE `products`')
 4 SYSTEMPATH\Database\Forge.php(663): CodeIgniter\Database\BaseConnection->query('DROP TABLE `products`')
 5 APPPATH\Database\Migrations\2026-02-04-161415_CreateProductTable.php(58): CodeIgniter\Database\Forge->dropTable('products')
 6 SYSTEMPATH\Database\MigrationRunner.php(1014): App\Database\Migrations\CreateProductTable->down()
 7 SYSTEMPATH\Database\MigrationRunner.php(323): CodeIgniter\Database\MigrationRunner->migrate('down', Object(stdClass))
 8 SYSTEMPATH\Commands\Database\MigrateRollback.php(105): CodeIgniter\Database\MigrationRunner->regress(2)
 9 SYSTEMPATH\CLI\SignalTrait.php(245): CodeIgniter\Commands\Database\MigrateRollback::CodeIgniter\Commands\Database\{closure}()
10 SYSTEMPATH\Commands\Database\MigrateRollback.php(104): CodeIgniter\Commands\Database\MigrateRollback->withSignalsBlocked(Object(Closure))
11 SYSTEMPATH\CLI\Commands.php(74): CodeIgniter\Commands\Database\MigrateRollback->run([])
12 SYSTEMPATH\CLI\Console.php(47): CodeIgniter\CLI\Commands->run('migrate:rollback', [])
13 SYSTEMPATH\Boot.php(442): CodeIgniter\CLI\Console->run()
14 SYSTEMPATH\Boot.php(166): CodeIgniter\Boot::runCommand(Object(CodeIgniter\CLI\Console))
15 ROOTPATH\spark(87): CodeIgniter\Boot::bootSpark(Object(Config\Paths))
ERROR - 2026-02-04 16:32:02 --> Unknown column 'category_id' in 'field list'
in SYSTEMPATH\Database\MySQLi\Connection.php on line 300.
 1 SYSTEMPATH\Database\MySQLi\Connection.php(300): mysqli->query('INSERT INTO `categories` (`category_id`, `description`, `exp_date`, `image`, `name`, `price`)
VALUES (\'4\',\'test\',\'2025\',\'meats.jpg\',\'piece of meat\',\'20\'), (\'3\',\'test\',\'2025\',\'fruits.jpg\',\'peaches\',\'10\')', 0)
 2 SYSTEMPATH\Database\BaseConnection.php(769): CodeIgniter\Database\MySQLi\Connection->execute('INSERT INTO `categories` (`category_id`, `description`, `exp_date`, `image`, `name`, `price`)
VALUES (\'4\',\'test\',\'2025\',\'meats.jpg\',\'piece of meat\',\'20\'), (\'3\',\'test\',\'2025\',\'fruits.jpg\',\'peaches\',\'10\')')
 3 SYSTEMPATH\Database\BaseConnection.php(686): CodeIgniter\Database\BaseConnection->simpleQuery('INSERT INTO `categories` (`category_id`, `description`, `exp_date`, `image`, `name`, `price`)
VALUES (\'4\',\'test\',\'2025\',\'meats.jpg\',\'piece of meat\',\'20\'), (\'3\',\'test\',\'2025\',\'fruits.jpg\',\'peaches\',\'10\')')
 4 SYSTEMPATH\Database\BaseBuilder.php(1841): CodeIgniter\Database\BaseConnection->query('INSERT INTO `categories` (`category_id`, `description`, `exp_date`, `image`, `name`, `price`)
VALUES (\'4\',\'test\',\'2025\',\'meats.jpg\',\'piece of meat\',\'20\'), (\'3\',\'test\',\'2025\',\'fruits.jpg\',\'peaches\',\'10\')', null, false)
 5 SYSTEMPATH\Database\BaseBuilder.php(2230): CodeIgniter\Database\BaseBuilder->batchExecute('_insertBatch', 100)
 6 APPPATH\Database\Seeds\ProductSeeder.php(30): CodeIgniter\Database\BaseBuilder->insertBatch([...])
 7 SYSTEMPATH\Database\Seeder.php(155): App\Database\Seeds\ProductSeeder->run()
 8 SYSTEMPATH\Commands\Database\Seed.php(79): CodeIgniter\Database\Seeder->call('App\\Database\\Seeds\\ProductSeeder')
 9 SYSTEMPATH\CLI\Commands.php(74): CodeIgniter\Commands\Database\Seed->run([])
10 SYSTEMPATH\CLI\Console.php(47): CodeIgniter\CLI\Commands->run('db:seed', [...])
11 SYSTEMPATH\Boot.php(442): CodeIgniter\CLI\Console->run()
12 SYSTEMPATH\Boot.php(166): CodeIgniter\Boot::runCommand(Object(CodeIgniter\CLI\Console))
13 ROOTPATH\spark(87): CodeIgniter\Boot::bootSpark(Object(Config\Paths))
ERROR - 2026-02-04 16:33:01 --> Unknown column 'category_id' in 'field list'
in SYSTEMPATH\Database\MySQLi\Connection.php on line 300.
 1 SYSTEMPATH\Database\MySQLi\Connection.php(300): mysqli->query('INSERT INTO `categories` (`category_id`, `description`, `exp_date`, `image`, `name`, `price`)
VALUES (\'4\',\'test\',\'2025\',\'meats.jpg\',\'piece of meat\',\'20\'), (\'3\',\'test\',\'2025\',\'fruits.jpg\',\'peaches\',\'10\')', 0)
 2 SYSTEMPATH\Database\BaseConnection.php(769): CodeIgniter\Database\MySQLi\Connection->execute('INSERT INTO `categories` (`category_id`, `description`, `exp_date`, `image`, `name`, `price`)
VALUES (\'4\',\'test\',\'2025\',\'meats.jpg\',\'piece of meat\',\'20\'), (\'3\',\'test\',\'2025\',\'fruits.jpg\',\'peaches\',\'10\')')
 3 SYSTEMPATH\Database\BaseConnection.php(686): CodeIgniter\Database\BaseConnection->simpleQuery('INSERT INTO `categories` (`category_id`, `description`, `exp_date`, `image`, `name`, `price`)
VALUES (\'4\',\'test\',\'2025\',\'meats.jpg\',\'piece of meat\',\'20\'), (\'3\',\'test\',\'2025\',\'fruits.jpg\',\'peaches\',\'10\')')
 4 SYSTEMPATH\Database\BaseBuilder.php(1841): CodeIgniter\Database\BaseConnection->query('INSERT INTO `categories` (`category_id`, `description`, `exp_date`, `image`, `name`, `price`)
VALUES (\'4\',\'test\',\'2025\',\'meats.jpg\',\'piece of meat\',\'20\'), (\'3\',\'test\',\'2025\',\'fruits.jpg\',\'peaches\',\'10\')', null, false)
 5 SYSTEMPATH\Database\BaseBuilder.php(2230): CodeIgniter\Database\BaseBuilder->batchExecute('_insertBatch', 100)
 6 APPPATH\Database\Seeds\ProductSeeder.php(30): CodeIgniter\Database\BaseBuilder->insertBatch([...])
 7 SYSTEMPATH\Database\Seeder.php(155): App\Database\Seeds\ProductSeeder->run()
 8 SYSTEMPATH\Commands\Database\Seed.php(79): CodeIgniter\Database\Seeder->call('App\\Database\\Seeds\\ProductSeeder')
 9 SYSTEMPATH\CLI\Commands.php(74): CodeIgniter\Commands\Database\Seed->run([])
10 SYSTEMPATH\CLI\Console.php(47): CodeIgniter\CLI\Commands->run('db:seed', [...])
11 SYSTEMPATH\Boot.php(442): CodeIgniter\CLI\Console->run()
12 SYSTEMPATH\Boot.php(166): CodeIgniter\Boot::runCommand(Object(CodeIgniter\CLI\Console))
13 ROOTPATH\spark(87): CodeIgniter\Boot::bootSpark(Object(Config\Paths))
ERROR - 2026-02-04 16:33:36 --> Unknown column 'image' in 'field list'
in SYSTEMPATH\Database\MySQLi\Connection.php on line 300.
 1 SYSTEMPATH\Database\MySQLi\Connection.php(300): mysqli->query('INSERT INTO `products` (`category_id`, `description`, `exp_date`, `image`, `name`, `price`)
VALUES (\'4\',\'test\',\'2025\',\'meats.jpg\',\'piece of meat\',\'20\'), (\'3\',\'test\',\'2025\',\'fruits.jpg\',\'peaches\',\'10\')', 0)
 2 SYSTEMPATH\Database\BaseConnection.php(769): CodeIgniter\Database\MySQLi\Connection->execute('INSERT INTO `products` (`category_id`, `description`, `exp_date`, `image`, `name`, `price`)
VALUES (\'4\',\'test\',\'2025\',\'meats.jpg\',\'piece of meat\',\'20\'), (\'3\',\'test\',\'2025\',\'fruits.jpg\',\'peaches\',\'10\')')
 3 SYSTEMPATH\Database\BaseConnection.php(686): CodeIgniter\Database\BaseConnection->simpleQuery('INSERT INTO `products` (`category_id`, `description`, `exp_date`, `image`, `name`, `price`)
VALUES (\'4\',\'test\',\'2025\',\'meats.jpg\',\'piece of meat\',\'20\'), (\'3\',\'test\',\'2025\',\'fruits.jpg\',\'peaches\',\'10\')')
 4 SYSTEMPATH\Database\BaseBuilder.php(1841): CodeIgniter\Database\BaseConnection->query('INSERT INTO `products` (`category_id`, `description`, `exp_date`, `image`, `name`, `price`)
VALUES (\'4\',\'test\',\'2025\',\'meats.jpg\',\'piece of meat\',\'20\'), (\'3\',\'test\',\'2025\',\'fruits.jpg\',\'peaches\',\'10\')', null, false)
 5 SYSTEMPATH\Database\BaseBuilder.php(2230): CodeIgniter\Database\BaseBuilder->batchExecute('_insertBatch', 100)
 6 APPPATH\Database\Seeds\ProductSeeder.php(30): CodeIgniter\Database\BaseBuilder->insertBatch([...])
 7 SYSTEMPATH\Database\Seeder.php(155): App\Database\Seeds\ProductSeeder->run()
 8 SYSTEMPATH\Commands\Database\Seed.php(79): CodeIgniter\Database\Seeder->call('App\\Database\\Seeds\\ProductSeeder')
 9 SYSTEMPATH\CLI\Commands.php(74): CodeIgniter\Commands\Database\Seed->run([])
10 SYSTEMPATH\CLI\Console.php(47): CodeIgniter\CLI\Commands->run('db:seed', [...])
11 SYSTEMPATH\Boot.php(442): CodeIgniter\CLI\Console->run()
12 SYSTEMPATH\Boot.php(166): CodeIgniter\Boot::runCommand(Object(CodeIgniter\CLI\Console))
13 ROOTPATH\spark(87): CodeIgniter\Boot::bootSpark(Object(Config\Paths))
ERROR - 2026-02-04 16:35:51 --> Unknown column 'image' in 'field list'
in SYSTEMPATH\Database\MySQLi\Connection.php on line 300.
 1 SYSTEMPATH\Database\MySQLi\Connection.php(300): mysqli->query('INSERT INTO `products` (`category_id`, `description`, `exp_date`, `image`, `name`, `price`)
VALUES (\'4\',\'test\',\'2025\',\'meats.jpg\',\'piece of meat\',\'20\'), (\'3\',\'test\',\'2025\',\'fruits.jpg\',\'peaches\',\'10\')', 0)
 2 SYSTEMPATH\Database\BaseConnection.php(769): CodeIgniter\Database\MySQLi\Connection->execute('INSERT INTO `products` (`category_id`, `description`, `exp_date`, `image`, `name`, `price`)
VALUES (\'4\',\'test\',\'2025\',\'meats.jpg\',\'piece of meat\',\'20\'), (\'3\',\'test\',\'2025\',\'fruits.jpg\',\'peaches\',\'10\')')
 3 SYSTEMPATH\Database\BaseConnection.php(686): CodeIgniter\Database\BaseConnection->simpleQuery('INSERT INTO `products` (`category_id`, `description`, `exp_date`, `image`, `name`, `price`)
VALUES (\'4\',\'test\',\'2025\',\'meats.jpg\',\'piece of meat\',\'20\'), (\'3\',\'test\',\'2025\',\'fruits.jpg\',\'peaches\',\'10\')')
 4 SYSTEMPATH\Database\BaseBuilder.php(1841): CodeIgniter\Database\BaseConnection->query('INSERT INTO `products` (`category_id`, `description`, `exp_date`, `image`, `name`, `price`)
VALUES (\'4\',\'test\',\'2025\',\'meats.jpg\',\'piece of meat\',\'20\'), (\'3\',\'test\',\'2025\',\'fruits.jpg\',\'peaches\',\'10\')', null, false)
 5 SYSTEMPATH\Database\BaseBuilder.php(2230): CodeIgniter\Database\BaseBuilder->batchExecute('_insertBatch', 100)
 6 APPPATH\Database\Seeds\ProductSeeder.php(30): CodeIgniter\Database\BaseBuilder->insertBatch([...])
 7 SYSTEMPATH\Database\Seeder.php(155): App\Database\Seeds\ProductSeeder->run()
 8 SYSTEMPATH\Commands\Database\Seed.php(79): CodeIgniter\Database\Seeder->call('App\\Database\\Seeds\\ProductSeeder')
 9 SYSTEMPATH\CLI\Commands.php(74): CodeIgniter\Commands\Database\Seed->run([])
10 SYSTEMPATH\CLI\Console.php(47): CodeIgniter\CLI\Commands->run('db:seed', [...])
11 SYSTEMPATH\Boot.php(442): CodeIgniter\CLI\Console->run()
12 SYSTEMPATH\Boot.php(166): CodeIgniter\Boot::runCommand(Object(CodeIgniter\CLI\Console))
13 ROOTPATH\spark(87): CodeIgniter\Boot::bootSpark(Object(Config\Paths))
DEBUG - 2026-02-04 16:45:53 --> Session: Class initialized using 'CodeIgniter\Session\Handlers\FileHandler' driver.
WARNING - 2026-02-04 16:46:03 --> [DEPRECATED] Creation of dynamic property App\Controllers\Categories\Categories::$db is deprecated in APPPATH\Controllers\Categories\Categories.php on line 14.
 1 SYSTEMPATH\CodeIgniter.php(921): App\Controllers\Categories\Categories->__construct()
 2 SYSTEMPATH\CodeIgniter.php(488): CodeIgniter\CodeIgniter->createController()
 3 SYSTEMPATH\CodeIgniter.php(340): CodeIgniter\CodeIgniter->handleRequest(null, Object(Config\Cache), false)
 4 SYSTEMPATH\Boot.php(417): CodeIgniter\CodeIgniter->run()
 5 SYSTEMPATH\Boot.php(68): CodeIgniter\Boot::runCodeIgniter(Object(CodeIgniter\CodeIgniter))
 6 FCPATH\index.php(59): CodeIgniter\Boot::bootWeb(Object(Config\Paths))
 7 SYSTEMPATH\rewrite.php(44): require_once('C:\\xampp\\htdocs\\projects\\ci-food-store\\public\\index.php')
CRITICAL - 2026-02-04 16:46:03 --> CodeIgniter\View\Exceptions\ViewException: Invalid file: "products/product-category.php"
[Method: GET, Route: categories/category/2]
in SYSTEMPATH\Exceptions\FrameworkException.php on line 39.
 1 SYSTEMPATH\View\View.php(226): CodeIgniter\Exceptions\FrameworkException::forInvalidFile('products/product-category.php')
 2 SYSTEMPATH\Common.php(1250): CodeIgniter\View\View->render('products/product-category', [], true)
 3 APPPATH\Controllers\Categories\Categories.php(20): view('products/product-category', [...])
 4 SYSTEMPATH\CodeIgniter.php(951): App\Controllers\Categories\Categories->categoryProducts('2')
 5 SYSTEMPATH\CodeIgniter.php(497): CodeIgniter\CodeIgniter->runController(Object(App\Controllers\Categories\Categories))
 6 SYSTEMPATH\CodeIgniter.php(340): CodeIgniter\CodeIgniter->handleRequest(null, Object(Config\Cache), false)
 7 SYSTEMPATH\Boot.php(417): CodeIgniter\CodeIgniter->run()
 8 SYSTEMPATH\Boot.php(68): CodeIgniter\Boot::runCodeIgniter(Object(CodeIgniter\CodeIgniter))
 9 FCPATH\index.php(59): CodeIgniter\Boot::bootWeb(Object(Config\Paths))
10 SYSTEMPATH\rewrite.php(44): require_once('C:\\xampp\\htdocs\\projects\\ci-food-store\\public\\index.php')
WARNING - 2026-02-04 16:46:42 --> [DEPRECATED] Creation of dynamic property App\Controllers\Categories\Categories::$db is deprecated in APPPATH\Controllers\Categories\Categories.php on line 14.
 1 SYSTEMPATH\CodeIgniter.php(921): App\Controllers\Categories\Categories->__construct()
 2 SYSTEMPATH\CodeIgniter.php(488): CodeIgniter\CodeIgniter->createController()
 3 SYSTEMPATH\CodeIgniter.php(340): CodeIgniter\CodeIgniter->handleRequest(null, Object(Config\Cache), false)
 4 SYSTEMPATH\Boot.php(417): CodeIgniter\CodeIgniter->run()
 5 SYSTEMPATH\Boot.php(68): CodeIgniter\Boot::runCodeIgniter(Object(CodeIgniter\CodeIgniter))
 6 FCPATH\index.php(59): CodeIgniter\Boot::bootWeb(Object(Config\Paths))
 7 SYSTEMPATH\rewrite.php(44): require_once('C:\\xampp\\htdocs\\projects\\ci-food-store\\public\\index.php')
DEBUG - 2026-02-04 16:46:42 --> Session: Class initialized using 'CodeIgniter\Session\Handlers\FileHandler' driver.
WARNING - 2026-02-04 16:47:38 --> [DEPRECATED] Creation of dynamic property App\Controllers\Categories\Categories::$db is deprecated in APPPATH\Controllers\Categories\Categories.php on line 14.
 1 SYSTEMPATH\CodeIgniter.php(921): App\Controllers\Categories\Categories->__construct()
 2 SYSTEMPATH\CodeIgniter.php(488): CodeIgniter\CodeIgniter->createController()
 3 SYSTEMPATH\CodeIgniter.php(340): CodeIgniter\CodeIgniter->handleRequest(null, Object(Config\Cache), false)
 4 SYSTEMPATH\Boot.php(417): CodeIgniter\CodeIgniter->run()
 5 SYSTEMPATH\Boot.php(68): CodeIgniter\Boot::runCodeIgniter(Object(CodeIgniter\CodeIgniter))
 6 FCPATH\index.php(59): CodeIgniter\Boot::bootWeb(Object(Config\Paths))
 7 SYSTEMPATH\rewrite.php(44): require_once('C:\\xampp\\htdocs\\projects\\ci-food-store\\public\\index.php')
DEBUG - 2026-02-04 16:47:39 --> Session: Class initialized using 'CodeIgniter\Session\Handlers\FileHandler' driver.
WARNING - 2026-02-04 16:57:23 --> [DEPRECATED] Creation of dynamic property App\Controllers\Categories\Categories::$db is deprecated in APPPATH\Controllers\Categories\Categories.php on line 14.
 1 SYSTEMPATH\CodeIgniter.php(921): App\Controllers\Categories\Categories->__construct()
 2 SYSTEMPATH\CodeIgniter.php(488): CodeIgniter\CodeIgniter->createController()
 3 SYSTEMPATH\CodeIgniter.php(340): CodeIgniter\CodeIgniter->handleRequest(null, Object(Config\Cache), false)
 4 SYSTEMPATH\Boot.php(417): CodeIgniter\CodeIgniter->run()
 5 SYSTEMPATH\Boot.php(68): CodeIgniter\Boot::runCodeIgniter(Object(CodeIgniter\CodeIgniter))
 6 FCPATH\index.php(59): CodeIgniter\Boot::bootWeb(Object(Config\Paths))
 7 SYSTEMPATH\rewrite.php(44): require_once('C:\\xampp\\htdocs\\projects\\ci-food-store\\public\\index.php')
DEBUG - 2026-02-04 16:57:23 --> Session: Class initialized using 'CodeIgniter\Session\Handlers\FileHandler' driver.
WARNING - 2026-02-04 16:57:28 --> [DEPRECATED] Creation of dynamic property App\Controllers\Categories\Categories::$db is deprecated in APPPATH\Controllers\Categories\Categories.php on line 14.
 1 SYSTEMPATH\CodeIgniter.php(921): App\Controllers\Categories\Categories->__construct()
 2 SYSTEMPATH\CodeIgniter.php(488): CodeIgniter\CodeIgniter->createController()
 3 SYSTEMPATH\CodeIgniter.php(340): CodeIgniter\CodeIgniter->handleRequest(null, Object(Config\Cache), false)
 4 SYSTEMPATH\Boot.php(417): CodeIgniter\CodeIgniter->run()
 5 SYSTEMPATH\Boot.php(68): CodeIgniter\Boot::runCodeIgniter(Object(CodeIgniter\CodeIgniter))
 6 FCPATH\index.php(59): CodeIgniter\Boot::bootWeb(Object(Config\Paths))
 7 SYSTEMPATH\rewrite.php(44): require_once('C:\\xampp\\htdocs\\projects\\ci-food-store\\public\\index.php')
DEBUG - 2026-02-04 16:57:28 --> Session: Class initialized using 'CodeIgniter\Session\Handlers\FileHandler' driver.
WARNING - 2026-02-04 16:58:08 --> [DEPRECATED] Creation of dynamic property App\Controllers\Categories\Categories::$db is deprecated in APPPATH\Controllers\Categories\Categories.php on line 14.
 1 SYSTEMPATH\CodeIgniter.php(921): App\Controllers\Categories\Categories->__construct()
 2 SYSTEMPATH\CodeIgniter.php(488): CodeIgniter\CodeIgniter->createController()
 3 SYSTEMPATH\CodeIgniter.php(340): CodeIgniter\CodeIgniter->handleRequest(null, Object(Config\Cache), false)
 4 SYSTEMPATH\Boot.php(417): CodeIgniter\CodeIgniter->run()
 5 SYSTEMPATH\Boot.php(68): CodeIgniter\Boot::runCodeIgniter(Object(CodeIgniter\CodeIgniter))
 6 FCPATH\index.php(59): CodeIgniter\Boot::bootWeb(Object(Config\Paths))
 7 SYSTEMPATH\rewrite.php(44): require_once('C:\\xampp\\htdocs\\projects\\ci-food-store\\public\\index.php')
DEBUG - 2026-02-04 16:58:08 --> Session: Class initialized using 'CodeIgniter\Session\Handlers\FileHandler' driver.
WARNING - 2026-02-04 17:01:04 --> [DEPRECATED] Creation of dynamic property App\Controllers\Categories\Categories::$db is deprecated in APPPATH\Controllers\Categories\Categories.php on line 14.
 1 SYSTEMPATH\CodeIgniter.php(921): App\Controllers\Categories\Categories->__construct()
 2 SYSTEMPATH\CodeIgniter.php(488): CodeIgniter\CodeIgniter->createController()
 3 SYSTEMPATH\CodeIgniter.php(340): CodeIgniter\CodeIgniter->handleRequest(null, Object(Config\Cache), false)
 4 SYSTEMPATH\Boot.php(417): CodeIgniter\CodeIgniter->run()
 5 SYSTEMPATH\Boot.php(68): CodeIgniter\Boot::runCodeIgniter(Object(CodeIgniter\CodeIgniter))
 6 FCPATH\index.php(59): CodeIgniter\Boot::bootWeb(Object(Config\Paths))
 7 SYSTEMPATH\rewrite.php(44): require_once('C:\\xampp\\htdocs\\projects\\ci-food-store\\public\\index.php')
DEBUG - 2026-02-04 17:01:04 --> Session: Class initialized using 'CodeIgniter\Session\Handlers\FileHandler' driver.
WARNING - 2026-02-04 17:01:13 --> [DEPRECATED] Creation of dynamic property App\Controllers\Categories\Categories::$db is deprecated in APPPATH\Controllers\Categories\Categories.php on line 14.
 1 SYSTEMPATH\CodeIgniter.php(921): App\Controllers\Categories\Categories->__construct()
 2 SYSTEMPATH\CodeIgniter.php(488): CodeIgniter\CodeIgniter->createController()
 3 SYSTEMPATH\CodeIgniter.php(340): CodeIgniter\CodeIgniter->handleRequest(null, Object(Config\Cache), false)
 4 SYSTEMPATH\Boot.php(417): CodeIgniter\CodeIgniter->run()
 5 SYSTEMPATH\Boot.php(68): CodeIgniter\Boot::runCodeIgniter(Object(CodeIgniter\CodeIgniter))
 6 FCPATH\index.php(59): CodeIgniter\Boot::bootWeb(Object(Config\Paths))
 7 SYSTEMPATH\rewrite.php(44): require_once('C:\\xampp\\htdocs\\projects\\ci-food-store\\public\\index.php')
DEBUG - 2026-02-04 17:01:13 --> Session: Class initialized using 'CodeIgniter\Session\Handlers\FileHandler' driver.
WARNING - 2026-02-04 17:06:38 --> [DEPRECATED] Creation of dynamic property App\Controllers\Categories\Categories::$db is deprecated in APPPATH\Controllers\Categories\Categories.php on line 14.
 1 SYSTEMPATH\CodeIgniter.php(921): App\Controllers\Categories\Categories->__construct()
 2 SYSTEMPATH\CodeIgniter.php(488): CodeIgniter\CodeIgniter->createController()
 3 SYSTEMPATH\CodeIgniter.php(340): CodeIgniter\CodeIgniter->handleRequest(null, Object(Config\Cache), false)
 4 SYSTEMPATH\Boot.php(417): CodeIgniter\CodeIgniter->run()
 5 SYSTEMPATH\Boot.php(68): CodeIgniter\Boot::runCodeIgniter(Object(CodeIgniter\CodeIgniter))
 6 FCPATH\index.php(59): CodeIgniter\Boot::bootWeb(Object(Config\Paths))
 7 SYSTEMPATH\rewrite.php(44): require_once('C:\\xampp\\htdocs\\projects\\ci-food-store\\public\\index.php')
DEBUG - 2026-02-04 17:06:38 --> Session: Class initialized using 'CodeIgniter\Session\Handlers\FileHandler' driver.
WARNING - 2026-02-04 17:06:45 --> [DEPRECATED] Creation of dynamic property App\Controllers\Categories\Categories::$db is deprecated in APPPATH\Controllers\Categories\Categories.php on line 14.
 1 SYSTEMPATH\CodeIgniter.php(921): App\Controllers\Categories\Categories->__construct()
 2 SYSTEMPATH\CodeIgniter.php(488): CodeIgniter\CodeIgniter->createController()
 3 SYSTEMPATH\CodeIgniter.php(340): CodeIgniter\CodeIgniter->handleRequest(null, Object(Config\Cache), false)
 4 SYSTEMPATH\Boot.php(417): CodeIgniter\CodeIgniter->run()
 5 SYSTEMPATH\Boot.php(68): CodeIgniter\Boot::runCodeIgniter(Object(CodeIgniter\CodeIgniter))
 6 FCPATH\index.php(59): CodeIgniter\Boot::bootWeb(Object(Config\Paths))
 7 SYSTEMPATH\rewrite.php(44): require_once('C:\\xampp\\htdocs\\projects\\ci-food-store\\public\\index.php')
DEBUG - 2026-02-04 17:06:45 --> Session: Class initialized using 'CodeIgniter\Session\Handlers\FileHandler' driver.
WARNING - 2026-02-04 17:06:48 --> [DEPRECATED] Creation of dynamic property App\Controllers\Categories\Categories::$db is deprecated in APPPATH\Controllers\Categories\Categories.php on line 14.
 1 SYSTEMPATH\CodeIgniter.php(921): App\Controllers\Categories\Categories->__construct()
 2 SYSTEMPATH\CodeIgniter.php(488): CodeIgniter\CodeIgniter->createController()
 3 SYSTEMPATH\CodeIgniter.php(340): CodeIgniter\CodeIgniter->handleRequest(null, Object(Config\Cache), false)
 4 SYSTEMPATH\Boot.php(417): CodeIgniter\CodeIgniter->run()
 5 SYSTEMPATH\Boot.php(68): CodeIgniter\Boot::runCodeIgniter(Object(CodeIgniter\CodeIgniter))
 6 FCPATH\index.php(59): CodeIgniter\Boot::bootWeb(Object(Config\Paths))
 7 SYSTEMPATH\rewrite.php(44): require_once('C:\\xampp\\htdocs\\projects\\ci-food-store\\public\\index.php')
DEBUG - 2026-02-04 17:06:49 --> Session: Class initialized using 'CodeIgniter\Session\Handlers\FileHandler' driver.
WARNING - 2026-02-04 17:13:01 --> [DEPRECATED] Creation of dynamic property App\Controllers\Products\Products::$db is deprecated in APPPATH\Controllers\Products\Products.php on line 13.
 1 SYSTEMPATH\CodeIgniter.php(921): App\Controllers\Products\Products->__construct()
 2 SYSTEMPATH\CodeIgniter.php(488): CodeIgniter\CodeIgniter->createController()
 3 SYSTEMPATH\CodeIgniter.php(340): CodeIgniter\CodeIgniter->handleRequest(null, Object(Config\Cache), false)
 4 SYSTEMPATH\Boot.php(417): CodeIgniter\CodeIgniter->run()
 5 SYSTEMPATH\Boot.php(68): CodeIgniter\Boot::runCodeIgniter(Object(CodeIgniter\CodeIgniter))
 6 FCPATH\index.php(59): CodeIgniter\Boot::bootWeb(Object(Config\Paths))
 7 SYSTEMPATH\rewrite.php(44): require_once('C:\\xampp\\htdocs\\projects\\ci-food-store\\public\\index.php')
DEBUG - 2026-02-04 17:13:01 --> Session: Class initialized using 'CodeIgniter\Session\Handlers\FileHandler' driver.
WARNING - 2026-02-04 17:15:56 --> [DEPRECATED] Creation of dynamic property App\Controllers\Products\Products::$db is deprecated in APPPATH\Controllers\Products\Products.php on line 13.
 1 SYSTEMPATH\CodeIgniter.php(921): App\Controllers\Products\Products->__construct()
 2 SYSTEMPATH\CodeIgniter.php(488): CodeIgniter\CodeIgniter->createController()
 3 SYSTEMPATH\CodeIgniter.php(340): CodeIgniter\CodeIgniter->handleRequest(null, Object(Config\Cache), false)
 4 SYSTEMPATH\Boot.php(417): CodeIgniter\CodeIgniter->run()
 5 SYSTEMPATH\Boot.php(68): CodeIgniter\Boot::runCodeIgniter(Object(CodeIgniter\CodeIgniter))
 6 FCPATH\index.php(59): CodeIgniter\Boot::bootWeb(Object(Config\Paths))
 7 SYSTEMPATH\rewrite.php(44): require_once('C:\\xampp\\htdocs\\projects\\ci-food-store\\public\\index.php')
DEBUG - 2026-02-04 17:15:56 --> Session: Class initialized using 'CodeIgniter\Session\Handlers\FileHandler' driver.
WARNING - 2026-02-04 17:19:53 --> [DEPRECATED] Creation of dynamic property App\Controllers\Products\Products::$db is deprecated in APPPATH\Controllers\Products\Products.php on line 13.
 1 SYSTEMPATH\CodeIgniter.php(921): App\Controllers\Products\Products->__construct()
 2 SYSTEMPATH\CodeIgniter.php(488): CodeIgniter\CodeIgniter->createController()
 3 SYSTEMPATH\CodeIgniter.php(340): CodeIgniter\CodeIgniter->handleRequest(null, Object(Config\Cache), false)
 4 SYSTEMPATH\Boot.php(417): CodeIgniter\CodeIgniter->run()
 5 SYSTEMPATH\Boot.php(68): CodeIgniter\Boot::runCodeIgniter(Object(CodeIgniter\CodeIgniter))
 6 FCPATH\index.php(59): CodeIgniter\Boot::bootWeb(Object(Config\Paths))
 7 SYSTEMPATH\rewrite.php(44): require_once('C:\\xampp\\htdocs\\projects\\ci-food-store\\public\\index.php')
DEBUG - 2026-02-04 17:19:53 --> Session: Class initialized using 'CodeIgniter\Session\Handlers\FileHandler' driver.
